<?xml version="1.0" encoding="UTF-8"?>
<!-- Generated by org.testng.reporters.JUnitReportReporter -->
<testsuite hostname="DESKTOP-4SJACL6" failures="1" tests="1" name="restfulBooker.SpotifyAPITesting" time="1.442" errors="0" timestamp="2024-07-28T01:20:43 EDT" skipped="0">
  <testcase classname="restfulBooker.SpotifyAPITesting" name="testSpotifyAPI" time="1.442">
    <failure message="1 expectation failed.
Response body doesn&#039;t match expectation.
Expected: The content to match the given JSON schema.
error: object has missing required properties ([&quot;restrictions&quot;])
    level: &quot;error&quot;
    schema: {&quot;loadingURI&quot;:&quot;#&quot;,&quot;pointer&quot;:&quot;&quot;}
    instance: {&quot;pointer&quot;:&quot;&quot;}
    domain: &quot;validation&quot;
    keyword: &quot;required&quot;
    required: [&quot;album_type&quot;,&quot;artists&quot;,&quot;available_markets&quot;,&quot;copyrights&quot;,&quot;external_ids&quot;,&quot;external_urls&quot;,&quot;genres&quot;,&quot;href&quot;,&quot;id&quot;,&quot;images&quot;,&quot;label&quot;,&quot;name&quot;,&quot;popularity&quot;,&quot;release_date&quot;,&quot;release_date_precision&quot;,&quot;restrictions&quot;,&quot;total_tracks&quot;,&quot;tracks&quot;,&quot;type&quot;,&quot;uri&quot;]
    missing: [&quot;restrictions&quot;]

  Actual: {
  &quot;album_type&quot; : &quot;album&quot;,
  &quot;artists&quot; : [ {
    &quot;external_urls&quot; : {
      &quot;spotify&quot; : &quot;https://open.spotify.com/artist/0TnOYISbd1XYRBk9myaseg&quot;
    },
    &quot;href&quot; : &quot;https://api.spotify.com/v1/artists/0TnOYISbd1XYRBk9myaseg&quot;,
    &quot;id&quot; : &quot;0TnOYISbd1XYRBk9myaseg&quot;,
    &quot;name&quot; : &quot;Pitbull&quot;,
    &quot;type&quot; : &quot;artist&quot;,
    &quot;uri&quot; : &quot;spotify:artist:0TnOYISbd1XYRBk9myaseg&quot;
  } ],
  &quot;available_markets&quot; : [ &quot;AT&quot;, &quot;BE&quot;, &quot;BG&quot;, &quot;CY&quot;, &quot;CZ&quot;, &quot;DE&quot;, &quot;EE&quot;, &quot;FI&quot;, &quot;FR&quot;, &quot;GR&quot;, &quot;HU&quot;, &quot;IE&quot;, &quot;IT&quot;, &quot;LV&quot;, &quot;LT&quot;, &quot;LU&quot;, &quot;MT&quot;, &quot;MX&quot;, &quot;NL&quot;, &quot;NO&quot;, &quot;PL&quot;, &quot;PT&quot;, &quot;SK&quot;, &quot;ES&quot;, &quot;SE&quot;, &quot;CH&quot;, &quot;TR&quot;, &quot;GB&quot;, &quot;AD&quot;, &quot;LI&quot;, &quot;MC&quot;, &quot;RO&quot;, &quot;IL&quot;, &quot;ZA&quot;, &quot;SA&quot;, &quot;AE&quot;, &quot;BH&quot;, &quot;QA&quot;, &quot;OM&quot;, &quot;KW&quot;, &quot;EG&quot;, &quot;MA&quot;, &quot;DZ&quot;, &quot;TN&quot;, &quot;LB&quot;, &quot;JO&quot;, &quot;PS&quot;, &quot;BY&quot;, &quot;KZ&quot;, &quot;MD&quot;, &quot;UA&quot;, &quot;AL&quot;, &quot;BA&quot;, &quot;HR&quot;, &quot;ME&quot;, &quot;MK&quot;, &quot;RS&quot;, &quot;SI&quot;, &quot;GH&quot;, &quot;KE&quot;, &quot;NG&quot;, &quot;TZ&quot;, &quot;UG&quot;, &quot;AM&quot;, &quot;BW&quot;, &quot;BF&quot;, &quot;CV&quot;, &quot;CW&quot;, &quot;GM&quot;, &quot;GE&quot;, &quot;GW&quot;, &quot;LS&quot;, &quot;LR&quot;, &quot;MW&quot;, &quot;ML&quot;, &quot;NA&quot;, &quot;NE&quot;, &quot;SM&quot;, &quot;ST&quot;, &quot;SN&quot;, &quot;SC&quot;, &quot;SL&quot;, &quot;AZ&quot;, &quot;BI&quot;, &quot;CM&quot;, &quot;TD&quot;, &quot;KM&quot;, &quot;GQ&quot;, &quot;SZ&quot;, &quot;GA&quot;, &quot;GN&quot;, &quot;KG&quot;, &quot;MR&quot;, &quot;MN&quot;, &quot;RW&quot;, &quot;TG&quot;, &quot;UZ&quot;, &quot;ZW&quot;, &quot;BJ&quot;, &quot;MG&quot;, &quot;MU&quot;, &quot;MZ&quot;, &quot;AO&quot;, &quot;CI&quot;, &quot;DJ&quot;, &quot;ZM&quot;, &quot;CD&quot;, &quot;CG&quot;, &quot;IQ&quot;, &quot;LY&quot;, &quot;TJ&quot;, &quot;ET&quot;, &quot;XK&quot; ],
  &quot;copyrights&quot; : [ {
    &quot;text&quot; : &quot;(P) 2012 RCA Records, a division of Sony Music Entertainment&quot;,
    &quot;type&quot; : &quot;P&quot;
  } ],
  &quot;external_ids&quot; : {
    &quot;upc&quot; : &quot;886443671584&quot;
  },
  &quot;external_urls&quot; : {
    &quot;spotify&quot; : &quot;https://open.spotify.com/album/4aawyAB9vmqN3uQ7FjRGTy&quot;
  },
  &quot;genres&quot; : [ ],
  &quot;href&quot; : &quot;https://api.spotify.com/v1/albums/4aawyAB9vmqN3uQ7FjRGTy&quot;,
  &quot;id&quot; : &quot;4aawyAB9vmqN3uQ7FjRGTy&quot;,
  &quot;images&quot; : [ {
    &quot;height&quot; : 640,
    &quot;url&quot; : &quot;https://i.scdn.co/image/ab67616d0000b2732c5b24ecfa39523a75c993c4&quot;,
    &quot;width&quot; : 640
  }, {
    &quot;height&quot; : 300,
    &quot;url&quot; : &quot;https://i.scdn.co/image/ab67616d00001e022c5b24ecfa39523a75c993c4&quot;,
    &quot;width&quot; : 300
  }, {
    &quot;height&quot; : 64,
    &quot;url&quot; : &quot;https://i.scdn.co/image/ab67616d000048512c5b24ecfa39523a75c993c4&quot;,
    &quot;width&quot; : 64
  } ],
  &quot;label&quot; : &quot;Mr.305/Polo Grounds Music/RCA Records&quot;,
  &quot;name&quot; : &quot;Global Warming&quot;,
  &quot;popularity&quot; : 55,
  &quot;release_date&quot; : &quot;2012-11-16&quot;,
  &quot;release_date_precision&quot; : &quot;day&quot;,
  &quot;total_tracks&quot; : 18,
  &quot;tracks&quot; : {
    &quot;href&quot; : &quot;https://api.spotify.com/v1/albums/4aawyAB9vmqN3uQ7FjRGTy/tracks?offset=0&amp;limit=50&quot;,
    &quot;items&quot; : [ {
      &quot;artists&quot; : [ {
        &quot;external_urls&quot; : {
          &quot;spotify&quot; : &quot;https://open.spotify.com/artist/0TnOYISbd1XYRBk9myaseg&quot;
        },
        &quot;href&quot; : &quot;https://api.spotify.com/v1/artists/0TnOYISbd1XYRBk9myaseg&quot;,
        &quot;id&quot; : &quot;0TnOYISbd1XYRBk9myaseg&quot;,
        &quot;name&quot; : &quot;Pitbull&quot;,
        &quot;type&quot; : &quot;artist&quot;,
        &quot;uri&quot; : &quot;spotify:artist:0TnOYISbd1XYRBk9myaseg&quot;
      }, {
        &quot;external_urls&quot; : {
          &quot;spotify&quot; : &quot;https://open.spotify.com/artist/7iJrDbKM5fEkGdm5kpjFzS&quot;
        },
        &quot;href&quot; : &quot;https://api.spotify.com/v1/artists/7iJrDbKM5fEkGdm5kpjFzS&quot;,
        &quot;id&quot; : &quot;7iJrDbKM5fEkGdm5kpjFzS&quot;,
        &quot;name&quot; : &quot;Sensato&quot;,
        &quot;type&quot; : &quot;artist&quot;,
        &quot;uri&quot; : &quot;spotify:artist:7iJrDbKM5fEkGdm5kpjFzS&quot;
      } ],
      &quot;available_markets&quot; : [ &quot;AT&quot;, &quot;BE&quot;, &quot;BG&quot;, &quot;CY&quot;, &quot;CZ&quot;, &quot;DE&quot;, &quot;EE&quot;, &quot;FI&quot;, &quot;FR&quot;, &quot;GR&quot;, &quot;HU&quot;, &quot;IE&quot;, &quot;IT&quot;, &quot;LV&quot;, &quot;LT&quot;, &quot;LU&quot;, &quot;MT&quot;, &quot;MX&quot;, &quot;NL&quot;, &quot;NO&quot;, &quot;PL&quot;, &quot;PT&quot;, &quot;SK&quot;, &quot;ES&quot;, &quot;SE&quot;, &quot;CH&quot;, &quot;TR&quot;, &quot;GB&quot;, &quot;AD&quot;, &quot;LI&quot;, &quot;MC&quot;, &quot;RO&quot;, &quot;IL&quot;, &quot;ZA&quot;, &quot;SA&quot;, &quot;AE&quot;, &quot;BH&quot;, &quot;QA&quot;, &quot;OM&quot;, &quot;KW&quot;, &quot;EG&quot;, &quot;MA&quot;, &quot;DZ&quot;, &quot;TN&quot;, &quot;LB&quot;, &quot;JO&quot;, &quot;PS&quot;, &quot;BY&quot;, &quot;KZ&quot;, &quot;MD&quot;, &quot;UA&quot;, &quot;AL&quot;, &quot;BA&quot;, &quot;HR&quot;, &quot;ME&quot;, &quot;MK&quot;, &quot;RS&quot;, &quot;SI&quot;, &quot;GH&quot;, &quot;KE&quot;, &quot;NG&quot;, &quot;TZ&quot;, &quot;UG&quot;, &quot;AM&quot;, &quot;BW&quot;, &quot;BF&quot;, &quot;CV&quot;, &quot;CW&quot;, &quot;GM&quot;, &quot;GE&quot;, &quot;GW&quot;, &quot;LS&quot;, &quot;LR&quot;, &quot;MW&quot;, &quot;ML&quot;, &quot;NA&quot;, &quot;NE&quot;, &quot;SM&quot;, &quot;ST&quot;, &quot;SN&quot;, &quot;SC&quot;, &quot;SL&quot;, &quot;AZ&quot;, &quot;BI&quot;, &quot;CM&quot;, &quot;TD&quot;, &quot;KM&quot;, &quot;GQ&quot;, &quot;SZ&quot;, &quot;GA&quot;, &quot;GN&quot;, &quot;KG&quot;, &quot;MR&quot;, &quot;MN&quot;, &quot;RW&quot;, &quot;TG&quot;, &quot;UZ&quot;, &quot;ZW&quot;, &quot;BJ&quot;, &quot;MG&quot;, &quot;MU&quot;, &quot;MZ&quot;, &quot;AO&quot;, &quot;CI&quot;, &quot;DJ&quot;, &quot;ZM&quot;, &quot;CD&quot;, &quot;CG&quot;, &quot;IQ&quot;, &quot;LY&quot;, &quot;TJ&quot;, &quot;ET&quot;, &quot;XK&quot; ],
      &quot;disc_number&quot; : 1,
      &quot;duration_ms&quot; : 85400,
      &quot;explicit&quot; : true,
      &quot;external_urls&quot; : {
        &quot;spotify&quot; : &quot;https://open.spotify.com/track/6OmhkSOpvYBokMKQxpIGx2&quot;
      },
      &quot;href&quot; : &quot;https://api.spotify.com/v1/tracks/6OmhkSOpvYBokMKQxpIGx2&quot;,
      &quot;id&quot; : &quot;6OmhkSOpvYBokMKQxpIGx2&quot;,
      &quot;is_local&quot; : false,
      &quot;name&quot; : &quot;Global Warming (feat. Sensato)&quot;,
      &quot;preview_url&quot; : &quot;https://p.scdn.co/mp3-preview/0ce51df079155a323b91642b9f7a19bdebfc6bc1?cid=9df180f1f6874f8d8f760ba637997c97&quot;,
      &quot;track_number&quot; : 1,
      &quot;type&quot; : &quot;track&quot;,
      &quot;uri&quot; : &quot;spotify:track:6OmhkSOpvYBokMKQxpIGx2&quot;
    }, {
      &quot;artists&quot; : [ {
        &quot;external_urls&quot; : {
          &quot;spotify&quot; : &quot;https://open.spotify.com/artist/0TnOYISbd1XYRBk9myaseg&quot;
        },
        &quot;href&quot; : &quot;https://api.spotify.com/v1/artists/0TnOYISbd1XYRBk9myaseg&quot;,
        &quot;id&quot; : &quot;0TnOYISbd1XYRBk9myaseg&quot;,
        &quot;name&quot; : &quot;Pitbull&quot;,
        &quot;type&quot; : &quot;artist&quot;,
        &quot;uri&quot; : &quot;spotify:artist:0TnOYISbd1XYRBk9myaseg&quot;
      }, {
        &quot;external_urls&quot; : {
          &quot;spotify&quot; : &quot;https://open.spotify.com/artist/2L8yW8GIoirHEdeW4bWQXq&quot;
        },
        &quot;href&quot; : &quot;https://api.spotify.com/v1/artists/2L8yW8GIoirHEdeW4bWQXq&quot;,
        &quot;id&quot; : &quot;2L8yW8GIoirHEdeW4bWQXq&quot;,
        &quot;name&quot; : &quot;TJR&quot;,
        &quot;type&quot; : &quot;artist&quot;,
        &quot;uri&quot; : &quot;spotify:artist:2L8yW8GIoirHEdeW4bWQXq&quot;
      } ],
      &quot;available_markets&quot; : [ &quot;AT&quot;, &quot;BE&quot;, &quot;BG&quot;, &quot;CY&quot;, &quot;CZ&quot;, &quot;DE&quot;, &quot;EE&quot;, &quot;FI&quot;, &quot;FR&quot;, &quot;GR&quot;, &quot;HU&quot;, &quot;IE&quot;, &quot;IT&quot;, &quot;LV&quot;, &quot;LT&quot;, &quot;LU&quot;, &quot;MT&quot;, &quot;MX&quot;, &quot;NL&quot;, &quot;NO&quot;, &quot;PL&quot;, &quot;PT&quot;, &quot;SK&quot;, &quot;ES&quot;, &quot;SE&quot;, &quot;CH&quot;, &quot;TR&quot;, &quot;GB&quot;, &quot;AD&quot;, &quot;LI&quot;, &quot;MC&quot;, &quot;RO&quot;, &quot;IL&quot;, &quot;ZA&quot;, &quot;SA&quot;, &quot;AE&quot;, &quot;BH&quot;, &quot;QA&quot;, &quot;OM&quot;, &quot;KW&quot;, &quot;EG&quot;, &quot;MA&quot;, &quot;DZ&quot;, &quot;TN&quot;, &quot;LB&quot;, &quot;JO&quot;, &quot;PS&quot;, &quot;BY&quot;, &quot;KZ&quot;, &quot;MD&quot;, &quot;UA&quot;, &quot;AL&quot;, &quot;BA&quot;, &quot;HR&quot;, &quot;ME&quot;, &quot;MK&quot;, &quot;RS&quot;, &quot;SI&quot;, &quot;GH&quot;, &quot;KE&quot;, &quot;NG&quot;, &quot;TZ&quot;, &quot;UG&quot;, &quot;AM&quot;, &quot;BW&quot;, &quot;BF&quot;, &quot;CV&quot;, &quot;CW&quot;, &quot;GM&quot;, &quot;GE&quot;, &quot;GW&quot;, &quot;LS&quot;, &quot;LR&quot;, &quot;MW&quot;, &quot;ML&quot;, &quot;NA&quot;, &quot;NE&quot;, &quot;SM&quot;, &quot;ST&quot;, &quot;SN&quot;, &quot;SC&quot;, &quot;SL&quot;, &quot;AZ&quot;, &quot;BI&quot;, &quot;CM&quot;, &quot;TD&quot;, &quot;KM&quot;, &quot;GQ&quot;, &quot;SZ&quot;, &quot;GA&quot;, &quot;GN&quot;, &quot;KG&quot;, &quot;MR&quot;, &quot;MN&quot;, &quot;RW&quot;, &quot;TG&quot;, &quot;UZ&quot;, &quot;ZW&quot;, &quot;BJ&quot;, &quot;MG&quot;, &quot;MU&quot;, &quot;MZ&quot;, &quot;AO&quot;, &quot;CI&quot;, &quot;DJ&quot;, &quot;ZM&quot;, &quot;CD&quot;, &quot;CG&quot;, &quot;IQ&quot;, &quot;LY&quot;, &quot;TJ&quot;, &quot;ET&quot;, &quot;XK&quot; ],
      &quot;disc_number&quot; : 1,
      &quot;duration_ms&quot; : 206120,
      &quot;explicit&quot; : false,
      &quot;external_urls&quot; : {
        &quot;spotify&quot; : &quot;https://open.spotify.com/track/2iblMMIgSznA464mNov7A8&quot;
      },
      &quot;href&quot; : &quot;https://api.spotify.com/v1/tracks/2iblMMIgSznA464mNov7A8&quot;,
      &quot;id&quot; : &quot;2iblMMIgSznA464mNov7A8&quot;,
      &quot;is_local&quot; : false,
      &quot;name&quot; : &quot;Don&#039;t Stop the Party (feat. TJR)&quot;,
      &quot;preview_url&quot; : &quot;https://p.scdn.co/mp3-preview/72d6b312e4cbd1fd8219427fe1e6d1f5dfd4c85f?cid=9df180f1f6874f8d8f760ba637997c97&quot;,
      &quot;track_number&quot; : 2,
      &quot;type&quot; : &quot;track&quot;,
      &quot;uri&quot; : &quot;spotify:track:2iblMMIgSznA464mNov7A8&quot;
    }, {
      &quot;artists&quot; : [ {
        &quot;external_urls&quot; : {
          &quot;spotify&quot; : &quot;https://open.spotify.com/artist/0TnOYISbd1XYRBk9myaseg&quot;
        },
        &quot;href&quot; : &quot;https://api.spotify.com/v1/artists/0TnOYISbd1XYRBk9myaseg&quot;,
        &quot;id&quot; : &quot;0TnOYISbd1XYRBk9myaseg&quot;,
        &quot;name&quot; : &quot;Pitbull&quot;,
        &quot;type&quot; : &quot;artist&quot;,
        &quot;uri&quot; : &quot;spotify:artist:0TnOYISbd1XYRBk9myaseg&quot;
      }, {
        &quot;external_urls&quot; : {
          &quot;spotify&quot; : &quot;https://open.spotify.com/artist/1l7ZsJRRS8wlW3WfJfPfNS&quot;
        },
        &quot;href&quot; : &quot;https://api.spotify.com/v1/artists/1l7ZsJRRS8wlW3WfJfPfNS&quot;,
        &quot;id&quot; : &quot;1l7ZsJRRS8wlW3WfJfPfNS&quot;,
        &quot;name&quot; : &quot;Christina Aguilera&quot;,
        &quot;type&quot; : &quot;artist&quot;,
        &quot;uri&quot; : &quot;spotify:artist:1l7ZsJRRS8wlW3WfJfPfNS&quot;
      } ],
      &quot;available_markets&quot; : [ &quot;AT&quot;, &quot;BE&quot;, &quot;BG&quot;, &quot;CY&quot;, &quot;CZ&quot;, &quot;DE&quot;, &quot;EE&quot;, &quot;FI&quot;, &quot;FR&quot;, &quot;GR&quot;, &quot;HU&quot;, &quot;IE&quot;, &quot;IT&quot;, &quot;LV&quot;, &quot;LT&quot;, &quot;LU&quot;, &quot;MT&quot;, &quot;MX&quot;, &quot;NL&quot;, &quot;NO&quot;, &quot;PL&quot;, &quot;PT&quot;, &quot;SK&quot;, &quot;ES&quot;, &quot;SE&quot;, &quot;CH&quot;, &quot;TR&quot;, &quot;GB&quot;, &quot;AD&quot;, &quot;LI&quot;, &quot;MC&quot;, &quot;RO&quot;, &quot;IL&quot;, &quot;ZA&quot;, &quot;SA&quot;, &quot;AE&quot;, &quot;BH&quot;, &quot;QA&quot;, &quot;OM&quot;, &quot;KW&quot;, &quot;EG&quot;, &quot;MA&quot;, &quot;DZ&quot;, &quot;TN&quot;, &quot;LB&quot;, &quot;JO&quot;, &quot;PS&quot;, &quot;BY&quot;, &quot;KZ&quot;, &quot;MD&quot;, &quot;UA&quot;, &quot;AL&quot;, &quot;BA&quot;, &quot;HR&quot;, &quot;ME&quot;, &quot;MK&quot;, &quot;RS&quot;, &quot;SI&quot;, &quot;GH&quot;, &quot;KE&quot;, &quot;NG&quot;, &quot;TZ&quot;, &quot;UG&quot;, &quot;AM&quot;, &quot;BW&quot;, &quot;BF&quot;, &quot;CV&quot;, &quot;CW&quot;, &quot;GM&quot;, &quot;GE&quot;, &quot;GW&quot;, &quot;LS&quot;, &quot;LR&quot;, &quot;MW&quot;, &quot;ML&quot;, &quot;NA&quot;, &quot;NE&quot;, &quot;SM&quot;, &quot;ST&quot;, &quot;SN&quot;, &quot;SC&quot;, &quot;SL&quot;, &quot;AZ&quot;, &quot;BI&quot;, &quot;CM&quot;, &quot;TD&quot;, &quot;KM&quot;, &quot;GQ&quot;, &quot;SZ&quot;, &quot;GA&quot;, &quot;GN&quot;, &quot;KG&quot;, &quot;MR&quot;, &quot;MN&quot;, &quot;RW&quot;, &quot;TG&quot;, &quot;UZ&quot;, &quot;ZW&quot;, &quot;BJ&quot;, &quot;MG&quot;, &quot;MU&quot;, &quot;MZ&quot;, &quot;AO&quot;, &quot;CI&quot;, &quot;DJ&quot;, &quot;ZM&quot;, &quot;CD&quot;, &quot;CG&quot;, &quot;IQ&quot;, &quot;LY&quot;, &quot;TJ&quot;, &quot;ET&quot;, &quot;XK&quot; ],
      &quot;disc_number&quot; : 1,
      &quot;duration_ms&quot; : 229506,
      &quot;explicit&quot; : false,
      &quot;external_urls&quot; : {
        &quot;spotify&quot; : &quot;https://open.spotify.com/track/4yOn1TEcfsKHUJCL2h1r8I&quot;
      },
      &quot;href&quot; : &quot;https://api.spotify.com/v1/tracks/4yOn1TEcfsKHUJCL2h1r8I&quot;,
      &quot;id&quot; : &quot;4yOn1TEcfsKHUJCL2h1r8I&quot;,
      &quot;is_local&quot; : false,
      &quot;name&quot; : &quot;Feel This Moment (feat. Christina Aguilera)&quot;,
      &quot;preview_url&quot; : &quot;https://p.scdn.co/mp3-preview/deb34682637ed436b1d85841d7ac385541a1225c?cid=9df180f1f6874f8d8f760ba637997c97&quot;,
      &quot;track_number&quot; : 3,
      &quot;type&quot; : &quot;track&quot;,
      &quot;uri&quot; : &quot;spotify:track:4yOn1TEcfsKHUJCL2h1r8I&quot;
    }, {
      &quot;artists&quot; : [ {
        &quot;external_urls&quot; : {
          &quot;spotify&quot; : &quot;https://open.spotify.com/artist/0TnOYISbd1XYRBk9myaseg&quot;
        },
        &quot;href&quot; : &quot;https://api.spotify.com/v1/artists/0TnOYISbd1XYRBk9myaseg&quot;,
        &quot;id&quot; : &quot;0TnOYISbd1XYRBk9myaseg&quot;,
        &quot;name&quot; : &quot;Pitbull&quot;,
        &quot;type&quot; : &quot;artist&quot;,
        &quot;uri&quot; : &quot;spotify:artist:0TnOYISbd1XYRBk9myaseg&quot;
      } ],
      &quot;available_markets&quot; : [ &quot;AT&quot;, &quot;BE&quot;, &quot;BG&quot;, &quot;CY&quot;, &quot;CZ&quot;, &quot;DE&quot;, &quot;EE&quot;, &quot;FI&quot;, &quot;FR&quot;, &quot;GR&quot;, &quot;HU&quot;, &quot;IE&quot;, &quot;IT&quot;, &quot;LV&quot;, &quot;LT&quot;, &quot;LU&quot;, &quot;MT&quot;, &quot;MX&quot;, &quot;NL&quot;, &quot;NO&quot;, &quot;PL&quot;, &quot;PT&quot;, &quot;SK&quot;, &quot;ES&quot;, &quot;SE&quot;, &quot;CH&quot;, &quot;TR&quot;, &quot;GB&quot;, &quot;AD&quot;, &quot;LI&quot;, &quot;MC&quot;, &quot;RO&quot;, &quot;IL&quot;, &quot;ZA&quot;, &quot;SA&quot;, &quot;AE&quot;, &quot;BH&quot;, &quot;QA&quot;, &quot;OM&quot;, &quot;KW&quot;, &quot;EG&quot;, &quot;MA&quot;, &quot;DZ&quot;, &quot;TN&quot;, &quot;LB&quot;, &quot;JO&quot;, &quot;PS&quot;, &quot;BY&quot;, &quot;KZ&quot;, &quot;MD&quot;, &quot;UA&quot;, &quot;AL&quot;, &quot;BA&quot;, &quot;HR&quot;, &quot;ME&quot;, &quot;MK&quot;, &quot;RS&quot;, &quot;SI&quot;, &quot;GH&quot;, &quot;KE&quot;, &quot;NG&quot;, &quot;TZ&quot;, &quot;UG&quot;, &quot;AM&quot;, &quot;BW&quot;, &quot;BF&quot;, &quot;CV&quot;, &quot;CW&quot;, &quot;GM&quot;, &quot;GE&quot;, &quot;GW&quot;, &quot;LS&quot;, &quot;LR&quot;, &quot;MW&quot;, &quot;ML&quot;, &quot;NA&quot;, &quot;NE&quot;, &quot;SM&quot;, &quot;ST&quot;, &quot;SN&quot;, &quot;SC&quot;, &quot;SL&quot;, &quot;AZ&quot;, &quot;BI&quot;, &quot;CM&quot;, &quot;TD&quot;, &quot;KM&quot;, &quot;GQ&quot;, &quot;SZ&quot;, &quot;GA&quot;, &quot;GN&quot;, &quot;KG&quot;, &quot;MR&quot;, &quot;MN&quot;, &quot;RW&quot;, &quot;TG&quot;, &quot;UZ&quot;, &quot;ZW&quot;, &quot;BJ&quot;, &quot;MG&quot;, &quot;MU&quot;, &quot;MZ&quot;, &quot;AO&quot;, &quot;CI&quot;, &quot;DJ&quot;, &quot;ZM&quot;, &quot;CD&quot;, &quot;CG&quot;, &quot;IQ&quot;, &quot;LY&quot;, &quot;TJ&quot;, &quot;ET&quot;, &quot;XK&quot; ],
      &quot;disc_number&quot; : 1,
      &quot;duration_ms&quot; : 207440,
      &quot;explicit&quot; : false,
      &quot;external_urls&quot; : {
        &quot;spotify&quot; : &quot;https://open.spotify.com/track/7fmpKF0rLGPnP7kcQ5ZMm7&quot;
      },
      &quot;href&quot; : &quot;https://api.spotify.com/v1/tracks/7fmpKF0rLGPnP7kcQ5ZMm7&quot;,
      &quot;id&quot; : &quot;7fmpKF0rLGPnP7kcQ5ZMm7&quot;,
      &quot;is_local&quot; : false,
      &quot;name&quot; : &quot;Back in Time - featured in \&quot;Men In Black 3\&quot;&quot;,
      &quot;preview_url&quot; : &quot;https://p.scdn.co/mp3-preview/f8f0f2ab406a1443d0543e7639d72cf330282a15?cid=9df180f1f6874f8d8f760ba637997c97&quot;,
      &quot;track_number&quot; : 4,
      &quot;type&quot; : &quot;track&quot;,
      &quot;uri&quot; : &quot;spotify:track:7fmpKF0rLGPnP7kcQ5ZMm7&quot;
    }, {
      &quot;artists&quot; : [ {
        &quot;external_urls&quot; : {
          &quot;spotify&quot; : &quot;https://open.spotify.com/artist/0TnOYISbd1XYRBk9myaseg&quot;
        },
        &quot;href&quot; : &quot;https://api.spotify.com/v1/artists/0TnOYISbd1XYRBk9myaseg&quot;,
        &quot;id&quot; : &quot;0TnOYISbd1XYRBk9myaseg&quot;,
        &quot;name&quot; : &quot;Pitbull&quot;,
        &quot;type&quot; : &quot;artist&quot;,
        &quot;uri&quot; : &quot;spotify:artist:0TnOYISbd1XYRBk9myaseg&quot;
      }, {
        &quot;external_urls&quot; : {
          &quot;spotify&quot; : &quot;https://open.spotify.com/artist/7bXgB6jMjp9ATFy66eO08Z&quot;
        },
        &quot;href&quot; : &quot;https://api.spotify.com/v1/artists/7bXgB6jMjp9ATFy66eO08Z&quot;,
        &quot;id&quot; : &quot;7bXgB6jMjp9ATFy66eO08Z&quot;,
        &quot;name&quot; : &quot;Chris Brown&quot;,
        &quot;type&quot; : &quot;artist&quot;,
        &quot;uri&quot; : &quot;spotify:artist:7bXgB6jMjp9ATFy66eO08Z&quot;
      } ],
      &quot;available_markets&quot; : [ &quot;AT&quot;, &quot;BE&quot;, &quot;BG&quot;, &quot;CY&quot;, &quot;CZ&quot;, &quot;DE&quot;, &quot;EE&quot;, &quot;FI&quot;, &quot;FR&quot;, &quot;GR&quot;, &quot;HU&quot;, &quot;IE&quot;, &quot;IT&quot;, &quot;LV&quot;, &quot;LT&quot;, &quot;LU&quot;, &quot;MT&quot;, &quot;MX&quot;, &quot;NL&quot;, &quot;NO&quot;, &quot;PL&quot;, &quot;PT&quot;, &quot;SK&quot;, &quot;ES&quot;, &quot;SE&quot;, &quot;CH&quot;, &quot;TR&quot;, &quot;GB&quot;, &quot;AD&quot;, &quot;LI&quot;, &quot;MC&quot;, &quot;RO&quot;, &quot;IL&quot;, &quot;ZA&quot;, &quot;SA&quot;, &quot;AE&quot;, &quot;BH&quot;, &quot;QA&quot;, &quot;OM&quot;, &quot;KW&quot;, &quot;EG&quot;, &quot;MA&quot;, &quot;DZ&quot;, &quot;TN&quot;, &quot;LB&quot;, &quot;JO&quot;, &quot;PS&quot;, &quot;BY&quot;, &quot;KZ&quot;, &quot;MD&quot;, &quot;UA&quot;, &quot;AL&quot;, &quot;BA&quot;, &quot;HR&quot;, &quot;ME&quot;, &quot;MK&quot;, &quot;RS&quot;, &quot;SI&quot;, &quot;GH&quot;, &quot;KE&quot;, &quot;NG&quot;, &quot;TZ&quot;, &quot;UG&quot;, &quot;AM&quot;, &quot;BW&quot;, &quot;BF&quot;, &quot;CV&quot;, &quot;CW&quot;, &quot;GM&quot;, &quot;GE&quot;, &quot;GW&quot;, &quot;LS&quot;, &quot;LR&quot;, &quot;MW&quot;, &quot;ML&quot;, &quot;NA&quot;, &quot;NE&quot;, &quot;SM&quot;, &quot;ST&quot;, &quot;SN&quot;, &quot;SC&quot;, &quot;SL&quot;, &quot;AZ&quot;, &quot;BI&quot;, &quot;CM&quot;, &quot;TD&quot;, &quot;KM&quot;, &quot;GQ&quot;, &quot;SZ&quot;, &quot;GA&quot;, &quot;GN&quot;, &quot;KG&quot;, &quot;MR&quot;, &quot;MN&quot;, &quot;RW&quot;, &quot;TG&quot;, &quot;UZ&quot;, &quot;ZW&quot;, &quot;BJ&quot;, &quot;MG&quot;, &quot;MU&quot;, &quot;MZ&quot;, &quot;AO&quot;, &quot;CI&quot;, &quot;DJ&quot;, &quot;ZM&quot;, &quot;CD&quot;, &quot;CG&quot;, &quot;IQ&quot;, &quot;LY&quot;, &quot;TJ&quot;, &quot;ET&quot;, &quot;XK&quot; ],
      &quot;disc_number&quot; : 1,
      &quot;duration_ms&quot; : 221133,
      &quot;explicit&quot; : false,
      &quot;external_urls&quot; : {
        &quot;spotify&quot; : &quot;https://open.spotify.com/track/3jStb2imKd6oUoBT1zq5lp&quot;
      },
      &quot;href&quot; : &quot;https://api.spotify.com/v1/tracks/3jStb2imKd6oUoBT1zq5lp&quot;,
      &quot;id&quot; : &quot;3jStb2imKd6oUoBT1zq5lp&quot;,
      &quot;is_local&quot; : false,
      &quot;name&quot; : &quot;Hope We Meet Again (feat. Chris Brown)&quot;,
      &quot;preview_url&quot; : &quot;https://p.scdn.co/mp3-preview/8479c4cfe4bfa2ae1f449ebe4c92186a106ca315?cid=9df180f1f6874f8d8f760ba637997c97&quot;,
      &quot;track_number&quot; : 5,
      &quot;type&quot; : &quot;track&quot;,
      &quot;uri&quot; : &quot;spotify:track:3jStb2imKd6oUoBT1zq5lp&quot;
    }, {
      &quot;artists&quot; : [ {
        &quot;external_urls&quot; : {
          &quot;spotify&quot; : &quot;https://open.spotify.com/artist/0TnOYISbd1XYRBk9myaseg&quot;
        },
        &quot;href&quot; : &quot;https://api.spotify.com/v1/artists/0TnOYISbd1XYRBk9myaseg&quot;,
        &quot;id&quot; : &quot;0TnOYISbd1XYRBk9myaseg&quot;,
        &quot;name&quot; : &quot;Pitbull&quot;,
        &quot;type&quot; : &quot;artist&quot;,
        &quot;uri&quot; : &quot;spotify:artist:0TnOYISbd1XYRBk9myaseg&quot;
      }, {
        &quot;external_urls&quot; : {
          &quot;spotify&quot; : &quot;https://open.spotify.com/artist/23zg3TcAtWQy7J6upgbUnj&quot;
        },
        &quot;href&quot; : &quot;https://api.spotify.com/v1/artists/23zg3TcAtWQy7J6upgbUnj&quot;,
        &quot;id&quot; : &quot;23zg3TcAtWQy7J6upgbUnj&quot;,
        &quot;name&quot; : &quot;USHER&quot;,
        &quot;type&quot; : &quot;artist&quot;,
        &quot;uri&quot; : &quot;spotify:artist:23zg3TcAtWQy7J6upgbUnj&quot;
      }, {
        &quot;external_urls&quot; : {
          &quot;spotify&quot; : &quot;https://open.spotify.com/artist/4D75GcNG95ebPtNvoNVXhz&quot;
        },
        &quot;href&quot; : &quot;https://api.spotify.com/v1/artists/4D75GcNG95ebPtNvoNVXhz&quot;,
        &quot;id&quot; : &quot;4D75GcNG95ebPtNvoNVXhz&quot;,
        &quot;name&quot; : &quot;AFROJACK&quot;,
        &quot;type&quot; : &quot;artist&quot;,
        &quot;uri&quot; : &quot;spotify:artist:4D75GcNG95ebPtNvoNVXhz&quot;
      } ],
      &quot;available_markets&quot; : [ &quot;AT&quot;, &quot;BE&quot;, &quot;BG&quot;, &quot;CY&quot;, &quot;CZ&quot;, &quot;DE&quot;, &quot;EE&quot;, &quot;FI&quot;, &quot;FR&quot;, &quot;GR&quot;, &quot;HU&quot;, &quot;IE&quot;, &quot;IT&quot;, &quot;LV&quot;, &quot;LT&quot;, &quot;LU&quot;, &quot;MT&quot;, &quot;MX&quot;, &quot;NL&quot;, &quot;NO&quot;, &quot;PL&quot;, &quot;PT&quot;, &quot;SK&quot;, &quot;ES&quot;, &quot;SE&quot;, &quot;CH&quot;, &quot;TR&quot;, &quot;GB&quot;, &quot;AD&quot;, &quot;LI&quot;, &quot;MC&quot;, &quot;RO&quot;, &quot;IL&quot;, &quot;ZA&quot;, &quot;SA&quot;, &quot;AE&quot;, &quot;BH&quot;, &quot;QA&quot;, &quot;OM&quot;, &quot;KW&quot;, &quot;EG&quot;, &quot;MA&quot;, &quot;DZ&quot;, &quot;TN&quot;, &quot;LB&quot;, &quot;JO&quot;, &quot;PS&quot;, &quot;BY&quot;, &quot;KZ&quot;, &quot;MD&quot;, &quot;UA&quot;, &quot;AL&quot;, &quot;BA&quot;, &quot;HR&quot;, &quot;ME&quot;, &quot;MK&quot;, &quot;RS&quot;, &quot;SI&quot;, &quot;GH&quot;, &quot;KE&quot;, &quot;NG&quot;, &quot;TZ&quot;, &quot;UG&quot;, &quot;AM&quot;, &quot;BW&quot;, &quot;BF&quot;, &quot;CV&quot;, &quot;CW&quot;, &quot;GM&quot;, &quot;GE&quot;, &quot;GW&quot;, &quot;LS&quot;, &quot;LR&quot;, &quot;MW&quot;, &quot;ML&quot;, &quot;NA&quot;, &quot;NE&quot;, &quot;SM&quot;, &quot;ST&quot;, &quot;SN&quot;, &quot;SC&quot;, &quot;SL&quot;, &quot;AZ&quot;, &quot;BI&quot;, &quot;CM&quot;, &quot;TD&quot;, &quot;KM&quot;, &quot;GQ&quot;, &quot;SZ&quot;, &quot;GA&quot;, &quot;GN&quot;, &quot;KG&quot;, &quot;MR&quot;, &quot;MN&quot;, &quot;RW&quot;, &quot;TG&quot;, &quot;UZ&quot;, &quot;ZW&quot;, &quot;BJ&quot;, &quot;MG&quot;, &quot;MU&quot;, &quot;MZ&quot;, &quot;AO&quot;, &quot;CI&quot;, &quot;DJ&quot;, &quot;ZM&quot;, &quot;CD&quot;, &quot;CG&quot;, &quot;IQ&quot;, &quot;LY&quot;, &quot;TJ&quot;, &quot;ET&quot;, &quot;XK&quot; ],
      &quot;disc_number&quot; : 1,
      &quot;duration_ms&quot; : 243160,
      &quot;explicit&quot; : true,
      &quot;external_urls&quot; : {
        &quot;spotify&quot; : &quot;https://open.spotify.com/track/6Q4PYJtrq8CBx7YCY5IyRN&quot;
      },
      &quot;href&quot; : &quot;https://api.spotify.com/v1/tracks/6Q4PYJtrq8CBx7YCY5IyRN&quot;,
      &quot;id&quot; : &quot;6Q4PYJtrq8CBx7YCY5IyRN&quot;,
      &quot;is_local&quot; : false,
      &quot;name&quot; : &quot;Party Ain&#039;t Over (feat. Usher &amp; Afrojack)&quot;,
      &quot;preview_url&quot; : &quot;https://p.scdn.co/mp3-preview/0a4f7628940c07132eee1b0b946c795ac412cabc?cid=9df180f1f6874f8d8f760ba637997c97&quot;,
      &quot;track_number&quot; : 6,
      &quot;type&quot; : &quot;track&quot;,
      &quot;uri&quot; : &quot;spotify:track:6Q4PYJtrq8CBx7YCY5IyRN&quot;
    }, {
      &quot;artists&quot; : [ {
        &quot;external_urls&quot; : {
          &quot;spotify&quot; : &quot;https://open.spotify.com/artist/0TnOYISbd1XYRBk9myaseg&quot;
        },
        &quot;href&quot; : &quot;https://api.spotify.com/v1/artists/0TnOYISbd1XYRBk9myaseg&quot;,
        &quot;id&quot; : &quot;0TnOYISbd1XYRBk9myaseg&quot;,
        &quot;name&quot; : &quot;Pitbull&quot;,
        &quot;type&quot; : &quot;artist&quot;,
        &quot;uri&quot; : &quot;spotify:artist:0TnOYISbd1XYRBk9myaseg&quot;
      }, {
        &quot;external_urls&quot; : {
          &quot;spotify&quot; : &quot;https://open.spotify.com/artist/2DlGxzQSjYe5N6G9nkYghR&quot;
        },
        &quot;href&quot; : &quot;https://api.spotify.com/v1/artists/2DlGxzQSjYe5N6G9nkYghR&quot;,
        &quot;id&quot; : &quot;2DlGxzQSjYe5N6G9nkYghR&quot;,
        &quot;name&quot; : &quot;Jennifer Lopez&quot;,
        &quot;type&quot; : &quot;artist&quot;,
        &quot;uri&quot; : &quot;spotify:artist:2DlGxzQSjYe5N6G9nkYghR&quot;
      } ],
      &quot;available_markets&quot; : [ &quot;AT&quot;, &quot;BE&quot;, &quot;BG&quot;, &quot;CY&quot;, &quot;CZ&quot;, &quot;DE&quot;, &quot;EE&quot;, &quot;FI&quot;, &quot;FR&quot;, &quot;GR&quot;, &quot;HU&quot;, &quot;IE&quot;, &quot;IT&quot;, &quot;LV&quot;, &quot;LT&quot;, &quot;LU&quot;, &quot;MT&quot;, &quot;MX&quot;, &quot;NL&quot;, &quot;NO&quot;, &quot;PL&quot;, &quot;PT&quot;, &quot;SK&quot;, &quot;ES&quot;, &quot;SE&quot;, &quot;CH&quot;, &quot;TR&quot;, &quot;GB&quot;, &quot;AD&quot;, &quot;LI&quot;, &quot;MC&quot;, &quot;RO&quot;, &quot;IL&quot;, &quot;ZA&quot;, &quot;SA&quot;, &quot;AE&quot;, &quot;BH&quot;, &quot;QA&quot;, &quot;OM&quot;, &quot;KW&quot;, &quot;EG&quot;, &quot;MA&quot;, &quot;DZ&quot;, &quot;TN&quot;, &quot;LB&quot;, &quot;JO&quot;, &quot;PS&quot;, &quot;BY&quot;, &quot;KZ&quot;, &quot;MD&quot;, &quot;UA&quot;, &quot;AL&quot;, &quot;BA&quot;, &quot;HR&quot;, &quot;ME&quot;, &quot;MK&quot;, &quot;RS&quot;, &quot;SI&quot;, &quot;GH&quot;, &quot;KE&quot;, &quot;NG&quot;, &quot;TZ&quot;, &quot;UG&quot;, &quot;AM&quot;, &quot;BW&quot;, &quot;BF&quot;, &quot;CV&quot;, &quot;CW&quot;, &quot;GM&quot;, &quot;GE&quot;, &quot;GW&quot;, &quot;LS&quot;, &quot;LR&quot;, &quot;MW&quot;, &quot;ML&quot;, &quot;NA&quot;, &quot;NE&quot;, &quot;SM&quot;, &quot;ST&quot;, &quot;SN&quot;, &quot;SC&quot;, &quot;SL&quot;, &quot;AZ&quot;, &quot;BI&quot;, &quot;CM&quot;, &quot;TD&quot;, &quot;KM&quot;, &quot;GQ&quot;, &quot;SZ&quot;, &quot;GA&quot;, &quot;GN&quot;, &quot;KG&quot;, &quot;MR&quot;, &quot;MN&quot;, &quot;RW&quot;, &quot;TG&quot;, &quot;UZ&quot;, &quot;ZW&quot;, &quot;BJ&quot;, &quot;MG&quot;, &quot;MU&quot;, &quot;MZ&quot;, &quot;AO&quot;, &quot;CI&quot;, &quot;DJ&quot;, &quot;ZM&quot;, &quot;CD&quot;, &quot;CG&quot;, &quot;IQ&quot;, &quot;LY&quot;, &quot;TJ&quot;, &quot;ET&quot;, &quot;XK&quot; ],
      &quot;disc_number&quot; : 1,
      &quot;duration_ms&quot; : 196920,
      &quot;explicit&quot; : false,
      &quot;external_urls&quot; : {
        &quot;spotify&quot; : &quot;https://open.spotify.com/track/0QTVwqcOsYd73AOkYkk0Hg&quot;
      },
      &quot;href&quot; : &quot;https://api.spotify.com/v1/tracks/0QTVwqcOsYd73AOkYkk0Hg&quot;,
      &quot;id&quot; : &quot;0QTVwqcOsYd73AOkYkk0Hg&quot;,
      &quot;is_local&quot; : false,
      &quot;name&quot; : &quot;Drinks for You (Ladies Anthem) (feat. J. Lo)&quot;,
      &quot;preview_url&quot; : &quot;https://p.scdn.co/mp3-preview/056bc84b4e910ce724e8d057ef3511d2febfe988?cid=9df180f1f6874f8d8f760ba637997c97&quot;,
      &quot;track_number&quot; : 7,
      &quot;type&quot; : &quot;track&quot;,
      &quot;uri&quot; : &quot;spotify:track:0QTVwqcOsYd73AOkYkk0Hg&quot;
    }, {
      &quot;artists&quot; : [ {
        &quot;external_urls&quot; : {
          &quot;spotify&quot; : &quot;https://open.spotify.com/artist/0TnOYISbd1XYRBk9myaseg&quot;
        },
        &quot;href&quot; : &quot;https://api.spotify.com/v1/artists/0TnOYISbd1XYRBk9myaseg&quot;,
        &quot;id&quot; : &quot;0TnOYISbd1XYRBk9myaseg&quot;,
        &quot;name&quot; : &quot;Pitbull&quot;,
        &quot;type&quot; : &quot;artist&quot;,
        &quot;uri&quot; : &quot;spotify:artist:0TnOYISbd1XYRBk9myaseg&quot;
      }, {
        &quot;external_urls&quot; : {
          &quot;spotify&quot; : &quot;https://open.spotify.com/artist/2NhdGz9EDv2FeUw6udu2g1&quot;
        },
        &quot;href&quot; : &quot;https://api.spotify.com/v1/artists/2NhdGz9EDv2FeUw6udu2g1&quot;,
        &quot;id&quot; : &quot;2NhdGz9EDv2FeUw6udu2g1&quot;,
        &quot;name&quot; : &quot;The Wanted&quot;,
        &quot;type&quot; : &quot;artist&quot;,
        &quot;uri&quot; : &quot;spotify:artist:2NhdGz9EDv2FeUw6udu2g1&quot;
      }, {
        &quot;external_urls&quot; : {
          &quot;spotify&quot; : &quot;https://open.spotify.com/artist/4D75GcNG95ebPtNvoNVXhz&quot;
        },
        &quot;href&quot; : &quot;https://api.spotify.com/v1/artists/4D75GcNG95ebPtNvoNVXhz&quot;,
        &quot;id&quot; : &quot;4D75GcNG95ebPtNvoNVXhz&quot;,
        &quot;name&quot; : &quot;AFROJACK&quot;,
        &quot;type&quot; : &quot;artist&quot;,
        &quot;uri&quot; : &quot;spotify:artist:4D75GcNG95ebPtNvoNVXhz&quot;
      } ],
      &quot;available_markets&quot; : [ &quot;AT&quot;, &quot;BE&quot;, &quot;BG&quot;, &quot;CY&quot;, &quot;CZ&quot;, &quot;DE&quot;, &quot;EE&quot;, &quot;FI&quot;, &quot;FR&quot;, &quot;GR&quot;, &quot;HU&quot;, &quot;IE&quot;, &quot;IT&quot;, &quot;LV&quot;, &quot;LT&quot;, &quot;LU&quot;, &quot;MT&quot;, &quot;MX&quot;, &quot;NL&quot;, &quot;NO&quot;, &quot;PL&quot;, &quot;PT&quot;, &quot;SK&quot;, &quot;ES&quot;, &quot;SE&quot;, &quot;CH&quot;, &quot;TR&quot;, &quot;GB&quot;, &quot;AD&quot;, &quot;LI&quot;, &quot;MC&quot;, &quot;RO&quot;, &quot;IL&quot;, &quot;ZA&quot;, &quot;SA&quot;, &quot;AE&quot;, &quot;BH&quot;, &quot;QA&quot;, &quot;OM&quot;, &quot;KW&quot;, &quot;EG&quot;, &quot;MA&quot;, &quot;DZ&quot;, &quot;TN&quot;, &quot;LB&quot;, &quot;JO&quot;, &quot;PS&quot;, &quot;BY&quot;, &quot;KZ&quot;, &quot;MD&quot;, &quot;UA&quot;, &quot;AL&quot;, &quot;BA&quot;, &quot;HR&quot;, &quot;ME&quot;, &quot;MK&quot;, &quot;RS&quot;, &quot;SI&quot;, &quot;GH&quot;, &quot;KE&quot;, &quot;NG&quot;, &quot;TZ&quot;, &quot;UG&quot;, &quot;AM&quot;, &quot;BW&quot;, &quot;BF&quot;, &quot;CV&quot;, &quot;CW&quot;, &quot;GM&quot;, &quot;GE&quot;, &quot;GW&quot;, &quot;LS&quot;, &quot;LR&quot;, &quot;MW&quot;, &quot;ML&quot;, &quot;NA&quot;, &quot;NE&quot;, &quot;SM&quot;, &quot;ST&quot;, &quot;SN&quot;, &quot;SC&quot;, &quot;SL&quot;, &quot;AZ&quot;, &quot;BI&quot;, &quot;CM&quot;, &quot;TD&quot;, &quot;KM&quot;, &quot;GQ&quot;, &quot;SZ&quot;, &quot;GA&quot;, &quot;GN&quot;, &quot;KG&quot;, &quot;MR&quot;, &quot;MN&quot;, &quot;RW&quot;, &quot;TG&quot;, &quot;UZ&quot;, &quot;ZW&quot;, &quot;BJ&quot;, &quot;MG&quot;, &quot;MU&quot;, &quot;MZ&quot;, &quot;AO&quot;, &quot;CI&quot;, &quot;DJ&quot;, &quot;ZM&quot;, &quot;CD&quot;, &quot;CG&quot;, &quot;IQ&quot;, &quot;LY&quot;, &quot;TJ&quot;, &quot;ET&quot;, &quot;XK&quot; ],
      &quot;disc_number&quot; : 1,
      &quot;duration_ms&quot; : 244920,
      &quot;explicit&quot; : false,
      &quot;external_urls&quot; : {
        &quot;spotify&quot; : &quot;https://open.spotify.com/track/10Sydb6AAFPdgCzCKOSZuI&quot;
      },
      &quot;href&quot; : &quot;https://api.spotify.com/v1/tracks/10Sydb6AAFPdgCzCKOSZuI&quot;,
      &quot;id&quot; : &quot;10Sydb6AAFPdgCzCKOSZuI&quot;,
      &quot;is_local&quot; : false,
      &quot;name&quot; : &quot;Have Some Fun (feat. The Wanted &amp; Afrojack)&quot;,
      &quot;preview_url&quot; : &quot;https://p.scdn.co/mp3-preview/527c22bd2cbd173f63efef3393ecc7dffd3933fd?cid=9df180f1f6874f8d8f760ba637997c97&quot;,
      &quot;track_number&quot; : 8,
      &quot;type&quot; : &quot;track&quot;,
      &quot;uri&quot; : &quot;spotify:track:10Sydb6AAFPdgCzCKOSZuI&quot;
    }, {
      &quot;artists&quot; : [ {
        &quot;external_urls&quot; : {
          &quot;spotify&quot; : &quot;https://open.spotify.com/artist/0TnOYISbd1XYRBk9myaseg&quot;
        },
        &quot;href&quot; : &quot;https://api.spotify.com/v1/artists/0TnOYISbd1XYRBk9myaseg&quot;,
        &quot;id&quot; : &quot;0TnOYISbd1XYRBk9myaseg&quot;,
        &quot;name&quot; : &quot;Pitbull&quot;,
        &quot;type&quot; : &quot;artist&quot;,
        &quot;uri&quot; : &quot;spotify:artist:0TnOYISbd1XYRBk9myaseg&quot;
      }, {
        &quot;external_urls&quot; : {
          &quot;spotify&quot; : &quot;https://open.spotify.com/artist/0e9P96siQmxphVXAwTy2pa&quot;
        },
        &quot;href&quot; : &quot;https://api.spotify.com/v1/artists/0e9P96siQmxphVXAwTy2pa&quot;,
        &quot;id&quot; : &quot;0e9P96siQmxphVXAwTy2pa&quot;,
        &quot;name&quot; : &quot;Danny Mercer&quot;,
        &quot;type&quot; : &quot;artist&quot;,
        &quot;uri&quot; : &quot;spotify:artist:0e9P96siQmxphVXAwTy2pa&quot;
      } ],
      &quot;available_markets&quot; : [ &quot;AT&quot;, &quot;BE&quot;, &quot;BG&quot;, &quot;CY&quot;, &quot;CZ&quot;, &quot;DE&quot;, &quot;EE&quot;, &quot;FI&quot;, &quot;FR&quot;, &quot;GR&quot;, &quot;HU&quot;, &quot;IE&quot;, &quot;IT&quot;, &quot;LV&quot;, &quot;LT&quot;, &quot;LU&quot;, &quot;MT&quot;, &quot;MX&quot;, &quot;NL&quot;, &quot;NO&quot;, &quot;PL&quot;, &quot;PT&quot;, &quot;SK&quot;, &quot;ES&quot;, &quot;SE&quot;, &quot;CH&quot;, &quot;TR&quot;, &quot;GB&quot;, &quot;AD&quot;, &quot;LI&quot;, &quot;MC&quot;, &quot;RO&quot;, &quot;IL&quot;, &quot;ZA&quot;, &quot;SA&quot;, &quot;AE&quot;, &quot;BH&quot;, &quot;QA&quot;, &quot;OM&quot;, &quot;KW&quot;, &quot;EG&quot;, &quot;MA&quot;, &quot;DZ&quot;, &quot;TN&quot;, &quot;LB&quot;, &quot;JO&quot;, &quot;PS&quot;, &quot;BY&quot;, &quot;KZ&quot;, &quot;MD&quot;, &quot;UA&quot;, &quot;AL&quot;, &quot;BA&quot;, &quot;HR&quot;, &quot;ME&quot;, &quot;MK&quot;, &quot;RS&quot;, &quot;SI&quot;, &quot;GH&quot;, &quot;KE&quot;, &quot;NG&quot;, &quot;TZ&quot;, &quot;UG&quot;, &quot;AM&quot;, &quot;BW&quot;, &quot;BF&quot;, &quot;CV&quot;, &quot;CW&quot;, &quot;GM&quot;, &quot;GE&quot;, &quot;GW&quot;, &quot;LS&quot;, &quot;LR&quot;, &quot;MW&quot;, &quot;ML&quot;, &quot;NA&quot;, &quot;NE&quot;, &quot;SM&quot;, &quot;ST&quot;, &quot;SN&quot;, &quot;SC&quot;, &quot;SL&quot;, &quot;AZ&quot;, &quot;BI&quot;, &quot;CM&quot;, &quot;TD&quot;, &quot;KM&quot;, &quot;GQ&quot;, &quot;SZ&quot;, &quot;GA&quot;, &quot;GN&quot;, &quot;KG&quot;, &quot;MR&quot;, &quot;MN&quot;, &quot;RW&quot;, &quot;TG&quot;, &quot;UZ&quot;, &quot;ZW&quot;, &quot;BJ&quot;, &quot;MG&quot;, &quot;MU&quot;, &quot;MZ&quot;, &quot;AO&quot;, &quot;CI&quot;, &quot;DJ&quot;, &quot;ZM&quot;, &quot;CD&quot;, &quot;CG&quot;, &quot;IQ&quot;, &quot;LY&quot;, &quot;TJ&quot;, &quot;ET&quot;, &quot;XK&quot; ],
      &quot;disc_number&quot; : 1,
      &quot;duration_ms&quot; : 206800,
      &quot;explicit&quot; : true,
      &quot;external_urls&quot; : {
        &quot;spotify&quot; : &quot;https://open.spotify.com/track/4k61iDqmtX9nI7RfLmp9aq&quot;
      },
      &quot;href&quot; : &quot;https://api.spotify.com/v1/tracks/4k61iDqmtX9nI7RfLmp9aq&quot;,
      &quot;id&quot; : &quot;4k61iDqmtX9nI7RfLmp9aq&quot;,
      &quot;is_local&quot; : false,
      &quot;name&quot; : &quot;Outta Nowhere (feat. Danny Mercer)&quot;,
      &quot;preview_url&quot; : &quot;https://p.scdn.co/mp3-preview/0ba3a69f53d525b50000492bf548279415ced1be?cid=9df180f1f6874f8d8f760ba637997c97&quot;,
      &quot;track_number&quot; : 9,
      &quot;type&quot; : &quot;track&quot;,
      &quot;uri&quot; : &quot;spotify:track:4k61iDqmtX9nI7RfLmp9aq&quot;
    }, {
      &quot;artists&quot; : [ {
        &quot;external_urls&quot; : {
          &quot;spotify&quot; : &quot;https://open.spotify.com/artist/0TnOYISbd1XYRBk9myaseg&quot;
        },
        &quot;href&quot; : &quot;https://api.spotify.com/v1/artists/0TnOYISbd1XYRBk9myaseg&quot;,
        &quot;id&quot; : &quot;0TnOYISbd1XYRBk9myaseg&quot;,
        &quot;name&quot; : &quot;Pitbull&quot;,
        &quot;type&quot; : &quot;artist&quot;,
        &quot;uri&quot; : &quot;spotify:artist:0TnOYISbd1XYRBk9myaseg&quot;
      }, {
        &quot;external_urls&quot; : {
          &quot;spotify&quot; : &quot;https://open.spotify.com/artist/7qG3b048QCHVRO5Pv1T5lw&quot;
        },
        &quot;href&quot; : &quot;https://api.spotify.com/v1/artists/7qG3b048QCHVRO5Pv1T5lw&quot;,
        &quot;id&quot; : &quot;7qG3b048QCHVRO5Pv1T5lw&quot;,
        &quot;name&quot; : &quot;Enrique Iglesias&quot;,
        &quot;type&quot; : &quot;artist&quot;,
        &quot;uri&quot; : &quot;spotify:artist:7qG3b048QCHVRO5Pv1T5lw&quot;
      } ],
      &quot;available_markets&quot; : [ &quot;AT&quot;, &quot;BE&quot;, &quot;BG&quot;, &quot;CY&quot;, &quot;CZ&quot;, &quot;DE&quot;, &quot;EE&quot;, &quot;FI&quot;, &quot;FR&quot;, &quot;GR&quot;, &quot;HU&quot;, &quot;IE&quot;, &quot;IT&quot;, &quot;LV&quot;, &quot;LT&quot;, &quot;LU&quot;, &quot;MT&quot;, &quot;MX&quot;, &quot;NL&quot;, &quot;NO&quot;, &quot;PL&quot;, &quot;PT&quot;, &quot;SK&quot;, &quot;ES&quot;, &quot;SE&quot;, &quot;CH&quot;, &quot;TR&quot;, &quot;GB&quot;, &quot;AD&quot;, &quot;LI&quot;, &quot;MC&quot;, &quot;RO&quot;, &quot;IL&quot;, &quot;ZA&quot;, &quot;SA&quot;, &quot;AE&quot;, &quot;BH&quot;, &quot;QA&quot;, &quot;OM&quot;, &quot;KW&quot;, &quot;EG&quot;, &quot;MA&quot;, &quot;DZ&quot;, &quot;TN&quot;, &quot;LB&quot;, &quot;JO&quot;, &quot;PS&quot;, &quot;BY&quot;, &quot;KZ&quot;, &quot;MD&quot;, &quot;UA&quot;, &quot;AL&quot;, &quot;BA&quot;, &quot;HR&quot;, &quot;ME&quot;, &quot;MK&quot;, &quot;RS&quot;, &quot;SI&quot;, &quot;GH&quot;, &quot;KE&quot;, &quot;NG&quot;, &quot;TZ&quot;, &quot;UG&quot;, &quot;AM&quot;, &quot;BW&quot;, &quot;BF&quot;, &quot;CV&quot;, &quot;CW&quot;, &quot;GM&quot;, &quot;GE&quot;, &quot;GW&quot;, &quot;LS&quot;, &quot;LR&quot;, &quot;MW&quot;, &quot;ML&quot;, &quot;NA&quot;, &quot;NE&quot;, &quot;SM&quot;, &quot;ST&quot;, &quot;SN&quot;, &quot;SC&quot;, &quot;SL&quot;, &quot;AZ&quot;, &quot;BI&quot;, &quot;CM&quot;, &quot;TD&quot;, &quot;KM&quot;, &quot;GQ&quot;, &quot;SZ&quot;, &quot;GA&quot;, &quot;GN&quot;, &quot;KG&quot;, &quot;MR&quot;, &quot;MN&quot;, &quot;RW&quot;, &quot;TG&quot;, &quot;UZ&quot;, &quot;ZW&quot;, &quot;BJ&quot;, &quot;MG&quot;, &quot;MU&quot;, &quot;MZ&quot;, &quot;AO&quot;, &quot;CI&quot;, &quot;DJ&quot;, &quot;ZM&quot;, &quot;CD&quot;, &quot;CG&quot;, &quot;IQ&quot;, &quot;LY&quot;, &quot;TJ&quot;, &quot;ET&quot;, &quot;XK&quot; ],
      &quot;disc_number&quot; : 1,
      &quot;duration_ms&quot; : 205800,
      &quot;explicit&quot; : false,
      &quot;external_urls&quot; : {
        &quot;spotify&quot; : &quot;https://open.spotify.com/track/7oGRkL31ElVMcevQDceT99&quot;
      },
      &quot;href&quot; : &quot;https://api.spotify.com/v1/tracks/7oGRkL31ElVMcevQDceT99&quot;,
      &quot;id&quot; : &quot;7oGRkL31ElVMcevQDceT99&quot;,
      &quot;is_local&quot; : false,
      &quot;name&quot; : &quot;Tchu Tchu Tcha (feat. Enrique Iglesias)&quot;,
      &quot;preview_url&quot; : &quot;https://p.scdn.co/mp3-preview/8f60c656676f160400a2eb1dca657c19a5c89c52?cid=9df180f1f6874f8d8f760ba637997c97&quot;,
      &quot;track_number&quot; : 10,
      &quot;type&quot; : &quot;track&quot;,
      &quot;uri&quot; : &quot;spotify:track:7oGRkL31ElVMcevQDceT99&quot;
    }, {
      &quot;artists&quot; : [ {
        &quot;external_urls&quot; : {
          &quot;spotify&quot; : &quot;https://open.spotify.com/artist/0TnOYISbd1XYRBk9myaseg&quot;
        },
        &quot;href&quot; : &quot;https://api.spotify.com/v1/artists/0TnOYISbd1XYRBk9myaseg&quot;,
        &quot;id&quot; : &quot;0TnOYISbd1XYRBk9myaseg&quot;,
        &quot;name&quot; : &quot;Pitbull&quot;,
        &quot;type&quot; : &quot;artist&quot;,
        &quot;uri&quot; : &quot;spotify:artist:0TnOYISbd1XYRBk9myaseg&quot;
      }, {
        &quot;external_urls&quot; : {
          &quot;spotify&quot; : &quot;https://open.spotify.com/artist/4D75GcNG95ebPtNvoNVXhz&quot;
        },
        &quot;href&quot; : &quot;https://api.spotify.com/v1/artists/4D75GcNG95ebPtNvoNVXhz&quot;,
        &quot;id&quot; : &quot;4D75GcNG95ebPtNvoNVXhz&quot;,
        &quot;name&quot; : &quot;AFROJACK&quot;,
        &quot;type&quot; : &quot;artist&quot;,
        &quot;uri&quot; : &quot;spotify:artist:4D75GcNG95ebPtNvoNVXhz&quot;
      }, {
        &quot;external_urls&quot; : {
          &quot;spotify&quot; : &quot;https://open.spotify.com/artist/1EVWYRr2obCRDoSoD6KSuM&quot;
        },
        &quot;href&quot; : &quot;https://api.spotify.com/v1/artists/1EVWYRr2obCRDoSoD6KSuM&quot;,
        &quot;id&quot; : &quot;1EVWYRr2obCRDoSoD6KSuM&quot;,
        &quot;name&quot; : &quot;Havana Brown&quot;,
        &quot;type&quot; : &quot;artist&quot;,
        &quot;uri&quot; : &quot;spotify:artist:1EVWYRr2obCRDoSoD6KSuM&quot;
      } ],
      &quot;available_markets&quot; : [ &quot;AT&quot;, &quot;BE&quot;, &quot;BG&quot;, &quot;CY&quot;, &quot;CZ&quot;, &quot;DE&quot;, &quot;EE&quot;, &quot;FI&quot;, &quot;FR&quot;, &quot;GR&quot;, &quot;HU&quot;, &quot;IE&quot;, &quot;IT&quot;, &quot;LV&quot;, &quot;LT&quot;, &quot;LU&quot;, &quot;MT&quot;, &quot;MX&quot;, &quot;NL&quot;, &quot;NO&quot;, &quot;PL&quot;, &quot;PT&quot;, &quot;SK&quot;, &quot;ES&quot;, &quot;SE&quot;, &quot;CH&quot;, &quot;TR&quot;, &quot;GB&quot;, &quot;AD&quot;, &quot;LI&quot;, &quot;MC&quot;, &quot;RO&quot;, &quot;IL&quot;, &quot;ZA&quot;, &quot;SA&quot;, &quot;AE&quot;, &quot;BH&quot;, &quot;QA&quot;, &quot;OM&quot;, &quot;KW&quot;, &quot;EG&quot;, &quot;MA&quot;, &quot;DZ&quot;, &quot;TN&quot;, &quot;LB&quot;, &quot;JO&quot;, &quot;PS&quot;, &quot;BY&quot;, &quot;KZ&quot;, &quot;MD&quot;, &quot;UA&quot;, &quot;AL&quot;, &quot;BA&quot;, &quot;HR&quot;, &quot;ME&quot;, &quot;MK&quot;, &quot;RS&quot;, &quot;SI&quot;, &quot;GH&quot;, &quot;KE&quot;, &quot;NG&quot;, &quot;TZ&quot;, &quot;UG&quot;, &quot;AM&quot;, &quot;BW&quot;, &quot;BF&quot;, &quot;CV&quot;, &quot;CW&quot;, &quot;GM&quot;, &quot;GE&quot;, &quot;GW&quot;, &quot;LS&quot;, &quot;LR&quot;, &quot;MW&quot;, &quot;ML&quot;, &quot;NA&quot;, &quot;NE&quot;, &quot;SM&quot;, &quot;ST&quot;, &quot;SN&quot;, &quot;SC&quot;, &quot;SL&quot;, &quot;AZ&quot;, &quot;BI&quot;, &quot;CM&quot;, &quot;TD&quot;, &quot;KM&quot;, &quot;GQ&quot;, &quot;SZ&quot;, &quot;GA&quot;, &quot;GN&quot;, &quot;KG&quot;, &quot;MR&quot;, &quot;MN&quot;, &quot;RW&quot;, &quot;TG&quot;, &quot;UZ&quot;, &quot;ZW&quot;, &quot;BJ&quot;, &quot;MG&quot;, &quot;MU&quot;, &quot;MZ&quot;, &quot;AO&quot;, &quot;CI&quot;, &quot;DJ&quot;, &quot;ZM&quot;, &quot;CD&quot;, &quot;CG&quot;, &quot;IQ&quot;, &quot;LY&quot;, &quot;TJ&quot;, &quot;ET&quot;, &quot;XK&quot; ],
      &quot;disc_number&quot; : 1,
      &quot;duration_ms&quot; : 219600,
      &quot;explicit&quot; : true,
      &quot;external_urls&quot; : {
        &quot;spotify&quot; : &quot;https://open.spotify.com/track/60xPqMqnHZl7Jfiu6E9q8X&quot;
      },
      &quot;href&quot; : &quot;https://api.spotify.com/v1/tracks/60xPqMqnHZl7Jfiu6E9q8X&quot;,
      &quot;id&quot; : &quot;60xPqMqnHZl7Jfiu6E9q8X&quot;,
      &quot;is_local&quot; : false,
      &quot;name&quot; : &quot;Last Night (feat. Afrojack &amp; Havana Brown)&quot;,
      &quot;preview_url&quot; : &quot;https://p.scdn.co/mp3-preview/e103927bcb039d322dfaf303da1418b609e28004?cid=9df180f1f6874f8d8f760ba637997c97&quot;,
      &quot;track_number&quot; : 11,
      &quot;type&quot; : &quot;track&quot;,
      &quot;uri&quot; : &quot;spotify:track:60xPqMqnHZl7Jfiu6E9q8X&quot;
    }, {
      &quot;artists&quot; : [ {
        &quot;external_urls&quot; : {
          &quot;spotify&quot; : &quot;https://open.spotify.com/artist/0TnOYISbd1XYRBk9myaseg&quot;
        },
        &quot;href&quot; : &quot;https://api.spotify.com/v1/artists/0TnOYISbd1XYRBk9myaseg&quot;,
        &quot;id&quot; : &quot;0TnOYISbd1XYRBk9myaseg&quot;,
        &quot;name&quot; : &quot;Pitbull&quot;,
        &quot;type&quot; : &quot;artist&quot;,
        &quot;uri&quot; : &quot;spotify:artist:0TnOYISbd1XYRBk9myaseg&quot;
      } ],
      &quot;available_markets&quot; : [ &quot;AT&quot;, &quot;BE&quot;, &quot;BG&quot;, &quot;CY&quot;, &quot;CZ&quot;, &quot;DE&quot;, &quot;EE&quot;, &quot;FI&quot;, &quot;FR&quot;, &quot;GR&quot;, &quot;HU&quot;, &quot;IE&quot;, &quot;IT&quot;, &quot;LV&quot;, &quot;LT&quot;, &quot;LU&quot;, &quot;MT&quot;, &quot;MX&quot;, &quot;NL&quot;, &quot;NO&quot;, &quot;PL&quot;, &quot;PT&quot;, &quot;SK&quot;, &quot;ES&quot;, &quot;SE&quot;, &quot;CH&quot;, &quot;TR&quot;, &quot;GB&quot;, &quot;AD&quot;, &quot;LI&quot;, &quot;MC&quot;, &quot;RO&quot;, &quot;IL&quot;, &quot;ZA&quot;, &quot;SA&quot;, &quot;AE&quot;, &quot;BH&quot;, &quot;QA&quot;, &quot;OM&quot;, &quot;KW&quot;, &quot;EG&quot;, &quot;MA&quot;, &quot;DZ&quot;, &quot;TN&quot;, &quot;LB&quot;, &quot;JO&quot;, &quot;PS&quot;, &quot;BY&quot;, &quot;KZ&quot;, &quot;MD&quot;, &quot;UA&quot;, &quot;AL&quot;, &quot;BA&quot;, &quot;HR&quot;, &quot;ME&quot;, &quot;MK&quot;, &quot;RS&quot;, &quot;SI&quot;, &quot;GH&quot;, &quot;KE&quot;, &quot;NG&quot;, &quot;TZ&quot;, &quot;UG&quot;, &quot;AM&quot;, &quot;BW&quot;, &quot;BF&quot;, &quot;CV&quot;, &quot;CW&quot;, &quot;GM&quot;, &quot;GE&quot;, &quot;GW&quot;, &quot;LS&quot;, &quot;LR&quot;, &quot;MW&quot;, &quot;ML&quot;, &quot;NA&quot;, &quot;NE&quot;, &quot;SM&quot;, &quot;ST&quot;, &quot;SN&quot;, &quot;SC&quot;, &quot;SL&quot;, &quot;AZ&quot;, &quot;BI&quot;, &quot;CM&quot;, &quot;TD&quot;, &quot;KM&quot;, &quot;GQ&quot;, &quot;SZ&quot;, &quot;GA&quot;, &quot;GN&quot;, &quot;KG&quot;, &quot;MR&quot;, &quot;MN&quot;, &quot;RW&quot;, &quot;TG&quot;, &quot;UZ&quot;, &quot;ZW&quot;, &quot;BJ&quot;, &quot;MG&quot;, &quot;MU&quot;, &quot;MZ&quot;, &quot;AO&quot;, &quot;CI&quot;, &quot;DJ&quot;, &quot;ZM&quot;, &quot;CD&quot;, &quot;CG&quot;, &quot;IQ&quot;, &quot;LY&quot;, &quot;TJ&quot;, &quot;ET&quot;, &quot;XK&quot; ],
      &quot;disc_number&quot; : 1,
      &quot;duration_ms&quot; : 197520,
      &quot;explicit&quot; : true,
      &quot;external_urls&quot; : {
        &quot;spotify&quot; : &quot;https://open.spotify.com/track/1jAdXqOSICyXYLaW9ioSur&quot;
      },
      &quot;href&quot; : &quot;https://api.spotify.com/v1/tracks/1jAdXqOSICyXYLaW9ioSur&quot;,
      &quot;id&quot; : &quot;1jAdXqOSICyXYLaW9ioSur&quot;,
      &quot;is_local&quot; : false,
      &quot;name&quot; : &quot;I&#039;m Off That&quot;,
      &quot;preview_url&quot; : &quot;https://p.scdn.co/mp3-preview/076f7573e914fc26ddf3ea536cb80800e54d6edc?cid=9df180f1f6874f8d8f760ba637997c97&quot;,
      &quot;track_number&quot; : 12,
      &quot;type&quot; : &quot;track&quot;,
      &quot;uri&quot; : &quot;spotify:track:1jAdXqOSICyXYLaW9ioSur&quot;
    }, {
      &quot;artists&quot; : [ {
        &quot;external_urls&quot; : {
          &quot;spotify&quot; : &quot;https://open.spotify.com/artist/0TnOYISbd1XYRBk9myaseg&quot;
        },
        &quot;href&quot; : &quot;https://api.spotify.com/v1/artists/0TnOYISbd1XYRBk9myaseg&quot;,
        &quot;id&quot; : &quot;0TnOYISbd1XYRBk9myaseg&quot;,
        &quot;name&quot; : &quot;Pitbull&quot;,
        &quot;type&quot; : &quot;artist&quot;,
        &quot;uri&quot; : &quot;spotify:artist:0TnOYISbd1XYRBk9myaseg&quot;
      }, {
        &quot;external_urls&quot; : {
          &quot;spotify&quot; : &quot;https://open.spotify.com/artist/5F2Bwl7Is7KVwTbNbMclIS&quot;
        },
        &quot;href&quot; : &quot;https://api.spotify.com/v1/artists/5F2Bwl7Is7KVwTbNbMclIS&quot;,
        &quot;id&quot; : &quot;5F2Bwl7Is7KVwTbNbMclIS&quot;,
        &quot;name&quot; : &quot;Papayo&quot;,
        &quot;type&quot; : &quot;artist&quot;,
        &quot;uri&quot; : &quot;spotify:artist:5F2Bwl7Is7KVwTbNbMclIS&quot;
      } ],
      &quot;available_markets&quot; : [ &quot;AT&quot;, &quot;BE&quot;, &quot;BG&quot;, &quot;CY&quot;, &quot;CZ&quot;, &quot;DE&quot;, &quot;EE&quot;, &quot;FI&quot;, &quot;FR&quot;, &quot;GR&quot;, &quot;HU&quot;, &quot;IE&quot;, &quot;IT&quot;, &quot;LV&quot;, &quot;LT&quot;, &quot;LU&quot;, &quot;MT&quot;, &quot;MX&quot;, &quot;NL&quot;, &quot;NO&quot;, &quot;PL&quot;, &quot;PT&quot;, &quot;SK&quot;, &quot;ES&quot;, &quot;SE&quot;, &quot;CH&quot;, &quot;TR&quot;, &quot;GB&quot;, &quot;AD&quot;, &quot;LI&quot;, &quot;MC&quot;, &quot;RO&quot;, &quot;IL&quot;, &quot;ZA&quot;, &quot;SA&quot;, &quot;AE&quot;, &quot;BH&quot;, &quot;QA&quot;, &quot;OM&quot;, &quot;KW&quot;, &quot;EG&quot;, &quot;MA&quot;, &quot;DZ&quot;, &quot;TN&quot;, &quot;LB&quot;, &quot;JO&quot;, &quot;PS&quot;, &quot;BY&quot;, &quot;KZ&quot;, &quot;MD&quot;, &quot;UA&quot;, &quot;AL&quot;, &quot;BA&quot;, &quot;HR&quot;, &quot;ME&quot;, &quot;MK&quot;, &quot;RS&quot;, &quot;SI&quot;, &quot;GH&quot;, &quot;KE&quot;, &quot;NG&quot;, &quot;TZ&quot;, &quot;UG&quot;, &quot;AM&quot;, &quot;BW&quot;, &quot;BF&quot;, &quot;CV&quot;, &quot;CW&quot;, &quot;GM&quot;, &quot;GE&quot;, &quot;GW&quot;, &quot;LS&quot;, &quot;LR&quot;, &quot;MW&quot;, &quot;ML&quot;, &quot;NA&quot;, &quot;NE&quot;, &quot;SM&quot;, &quot;ST&quot;, &quot;SN&quot;, &quot;SC&quot;, &quot;SL&quot;, &quot;AZ&quot;, &quot;BI&quot;, &quot;CM&quot;, &quot;TD&quot;, &quot;KM&quot;, &quot;GQ&quot;, &quot;SZ&quot;, &quot;GA&quot;, &quot;GN&quot;, &quot;KG&quot;, &quot;MR&quot;, &quot;MN&quot;, &quot;RW&quot;, &quot;TG&quot;, &quot;UZ&quot;, &quot;ZW&quot;, &quot;BJ&quot;, &quot;MG&quot;, &quot;MU&quot;, &quot;MZ&quot;, &quot;AO&quot;, &quot;CI&quot;, &quot;DJ&quot;, &quot;ZM&quot;, &quot;CD&quot;, &quot;CG&quot;, &quot;IQ&quot;, &quot;LY&quot;, &quot;TJ&quot;, &quot;ET&quot;, &quot;XK&quot; ],
      &quot;disc_number&quot; : 1,
      &quot;duration_ms&quot; : 196440,
      &quot;explicit&quot; : false,
      &quot;external_urls&quot; : {
        &quot;spotify&quot; : &quot;https://open.spotify.com/track/0fjRYHFz9ealui1lfnN8it&quot;
      },
      &quot;href&quot; : &quot;https://api.spotify.com/v1/tracks/0fjRYHFz9ealui1lfnN8it&quot;,
      &quot;id&quot; : &quot;0fjRYHFz9ealui1lfnN8it&quot;,
      &quot;is_local&quot; : false,
      &quot;name&quot; : &quot;Echa Pa&#039;lla (Manos Pa&#039;rriba) (feat. Papayo)&quot;,
      &quot;preview_url&quot; : &quot;https://p.scdn.co/mp3-preview/6138a4c643f05b406f0221769ee82cd7724b7d4e?cid=9df180f1f6874f8d8f760ba637997c97&quot;,
      &quot;track_number&quot; : 13,
      &quot;type&quot; : &quot;track&quot;,
      &quot;uri&quot; : &quot;spotify:track:0fjRYHFz9ealui1lfnN8it&quot;
    }, {
      &quot;artists&quot; : [ {
        &quot;external_urls&quot; : {
          &quot;spotify&quot; : &quot;https://open.spotify.com/artist/0TnOYISbd1XYRBk9myaseg&quot;
        },
        &quot;href&quot; : &quot;https://api.spotify.com/v1/artists/0TnOYISbd1XYRBk9myaseg&quot;,
        &quot;id&quot; : &quot;0TnOYISbd1XYRBk9myaseg&quot;,
        &quot;name&quot; : &quot;Pitbull&quot;,
        &quot;type&quot; : &quot;artist&quot;,
        &quot;uri&quot; : &quot;spotify:artist:0TnOYISbd1XYRBk9myaseg&quot;
      }, {
        &quot;external_urls&quot; : {
          &quot;spotify&quot; : &quot;https://open.spotify.com/artist/0z4gvV4rjIZ9wHck67ucSV&quot;
        },
        &quot;href&quot; : &quot;https://api.spotify.com/v1/artists/0z4gvV4rjIZ9wHck67ucSV&quot;,
        &quot;id&quot; : &quot;0z4gvV4rjIZ9wHck67ucSV&quot;,
        &quot;name&quot; : &quot;Akon&quot;,
        &quot;type&quot; : &quot;artist&quot;,
        &quot;uri&quot; : &quot;spotify:artist:0z4gvV4rjIZ9wHck67ucSV&quot;
      }, {
        &quot;external_urls&quot; : {
          &quot;spotify&quot; : &quot;https://open.spotify.com/artist/5IqWDVLGThjmkm22e3oBU3&quot;
        },
        &quot;href&quot; : &quot;https://api.spotify.com/v1/artists/5IqWDVLGThjmkm22e3oBU3&quot;,
        &quot;id&quot; : &quot;5IqWDVLGThjmkm22e3oBU3&quot;,
        &quot;name&quot; : &quot;David Rush&quot;,
        &quot;type&quot; : &quot;artist&quot;,
        &quot;uri&quot; : &quot;spotify:artist:5IqWDVLGThjmkm22e3oBU3&quot;
      } ],
      &quot;available_markets&quot; : [ &quot;AT&quot;, &quot;BE&quot;, &quot;BG&quot;, &quot;CY&quot;, &quot;CZ&quot;, &quot;DE&quot;, &quot;EE&quot;, &quot;FI&quot;, &quot;FR&quot;, &quot;GR&quot;, &quot;HU&quot;, &quot;IE&quot;, &quot;IT&quot;, &quot;LV&quot;, &quot;LT&quot;, &quot;LU&quot;, &quot;MT&quot;, &quot;MX&quot;, &quot;NL&quot;, &quot;NO&quot;, &quot;PL&quot;, &quot;PT&quot;, &quot;SK&quot;, &quot;ES&quot;, &quot;SE&quot;, &quot;CH&quot;, &quot;TR&quot;, &quot;GB&quot;, &quot;AD&quot;, &quot;LI&quot;, &quot;MC&quot;, &quot;RO&quot;, &quot;IL&quot;, &quot;ZA&quot;, &quot;SA&quot;, &quot;AE&quot;, &quot;BH&quot;, &quot;QA&quot;, &quot;OM&quot;, &quot;KW&quot;, &quot;EG&quot;, &quot;MA&quot;, &quot;DZ&quot;, &quot;TN&quot;, &quot;LB&quot;, &quot;JO&quot;, &quot;PS&quot;, &quot;BY&quot;, &quot;KZ&quot;, &quot;MD&quot;, &quot;UA&quot;, &quot;AL&quot;, &quot;BA&quot;, &quot;HR&quot;, &quot;ME&quot;, &quot;MK&quot;, &quot;RS&quot;, &quot;SI&quot;, &quot;GH&quot;, &quot;KE&quot;, &quot;NG&quot;, &quot;TZ&quot;, &quot;UG&quot;, &quot;AM&quot;, &quot;BW&quot;, &quot;BF&quot;, &quot;CV&quot;, &quot;CW&quot;, &quot;GM&quot;, &quot;GE&quot;, &quot;GW&quot;, &quot;LS&quot;, &quot;LR&quot;, &quot;MW&quot;, &quot;ML&quot;, &quot;NA&quot;, &quot;NE&quot;, &quot;SM&quot;, &quot;ST&quot;, &quot;SN&quot;, &quot;SC&quot;, &quot;SL&quot;, &quot;AZ&quot;, &quot;BI&quot;, &quot;CM&quot;, &quot;TD&quot;, &quot;KM&quot;, &quot;GQ&quot;, &quot;SZ&quot;, &quot;GA&quot;, &quot;GN&quot;, &quot;KG&quot;, &quot;MR&quot;, &quot;MN&quot;, &quot;RW&quot;, &quot;TG&quot;, &quot;UZ&quot;, &quot;ZW&quot;, &quot;BJ&quot;, &quot;MG&quot;, &quot;MU&quot;, &quot;MZ&quot;, &quot;AO&quot;, &quot;CI&quot;, &quot;DJ&quot;, &quot;ZM&quot;, &quot;CD&quot;, &quot;CG&quot;, &quot;IQ&quot;, &quot;LY&quot;, &quot;TJ&quot;, &quot;ET&quot;, &quot;XK&quot; ],
      &quot;disc_number&quot; : 1,
      &quot;duration_ms&quot; : 257613,
      &quot;explicit&quot; : true,
      &quot;external_urls&quot; : {
        &quot;spotify&quot; : &quot;https://open.spotify.com/track/7of35ktwTbL906Z1i3mT4K&quot;
      },
      &quot;href&quot; : &quot;https://api.spotify.com/v1/tracks/7of35ktwTbL906Z1i3mT4K&quot;,
      &quot;id&quot; : &quot;7of35ktwTbL906Z1i3mT4K&quot;,
      &quot;is_local&quot; : false,
      &quot;name&quot; : &quot;Everybody Fucks (feat. Akon &amp; David Rush)&quot;,
      &quot;preview_url&quot; : null,
      &quot;track_number&quot; : 14,
      &quot;type&quot; : &quot;track&quot;,
      &quot;uri&quot; : &quot;spotify:track:7of35ktwTbL906Z1i3mT4K&quot;
    }, {
      &quot;artists&quot; : [ {
        &quot;external_urls&quot; : {
          &quot;spotify&quot; : &quot;https://open.spotify.com/artist/0TnOYISbd1XYRBk9myaseg&quot;
        },
        &quot;href&quot; : &quot;https://api.spotify.com/v1/artists/0TnOYISbd1XYRBk9myaseg&quot;,
        &quot;id&quot; : &quot;0TnOYISbd1XYRBk9myaseg&quot;,
        &quot;name&quot; : &quot;Pitbull&quot;,
        &quot;type&quot; : &quot;artist&quot;,
        &quot;uri&quot; : &quot;spotify:artist:0TnOYISbd1XYRBk9myaseg&quot;
      }, {
        &quot;external_urls&quot; : {
          &quot;spotify&quot; : &quot;https://open.spotify.com/artist/0EmeFodog0BfCgMzAIvKQp&quot;
        },
        &quot;href&quot; : &quot;https://api.spotify.com/v1/artists/0EmeFodog0BfCgMzAIvKQp&quot;,
        &quot;id&quot; : &quot;0EmeFodog0BfCgMzAIvKQp&quot;,
        &quot;name&quot; : &quot;Shakira&quot;,
        &quot;type&quot; : &quot;artist&quot;,
        &quot;uri&quot; : &quot;spotify:artist:0EmeFodog0BfCgMzAIvKQp&quot;
      } ],
      &quot;available_markets&quot; : [ &quot;AT&quot;, &quot;BE&quot;, &quot;BG&quot;, &quot;CY&quot;, &quot;CZ&quot;, &quot;DE&quot;, &quot;EE&quot;, &quot;FI&quot;, &quot;FR&quot;, &quot;GR&quot;, &quot;HU&quot;, &quot;IE&quot;, &quot;IT&quot;, &quot;LV&quot;, &quot;LT&quot;, &quot;LU&quot;, &quot;MT&quot;, &quot;MX&quot;, &quot;NL&quot;, &quot;NO&quot;, &quot;PL&quot;, &quot;PT&quot;, &quot;SK&quot;, &quot;ES&quot;, &quot;SE&quot;, &quot;CH&quot;, &quot;TR&quot;, &quot;GB&quot;, &quot;AD&quot;, &quot;LI&quot;, &quot;MC&quot;, &quot;RO&quot;, &quot;IL&quot;, &quot;ZA&quot;, &quot;SA&quot;, &quot;AE&quot;, &quot;BH&quot;, &quot;QA&quot;, &quot;OM&quot;, &quot;KW&quot;, &quot;EG&quot;, &quot;MA&quot;, &quot;DZ&quot;, &quot;TN&quot;, &quot;LB&quot;, &quot;JO&quot;, &quot;PS&quot;, &quot;BY&quot;, &quot;KZ&quot;, &quot;MD&quot;, &quot;UA&quot;, &quot;AL&quot;, &quot;BA&quot;, &quot;HR&quot;, &quot;ME&quot;, &quot;MK&quot;, &quot;RS&quot;, &quot;SI&quot;, &quot;GH&quot;, &quot;KE&quot;, &quot;NG&quot;, &quot;TZ&quot;, &quot;UG&quot;, &quot;AM&quot;, &quot;BW&quot;, &quot;BF&quot;, &quot;CV&quot;, &quot;CW&quot;, &quot;GM&quot;, &quot;GE&quot;, &quot;GW&quot;, &quot;LS&quot;, &quot;LR&quot;, &quot;MW&quot;, &quot;ML&quot;, &quot;NA&quot;, &quot;NE&quot;, &quot;SM&quot;, &quot;ST&quot;, &quot;SN&quot;, &quot;SC&quot;, &quot;SL&quot;, &quot;AZ&quot;, &quot;BI&quot;, &quot;CM&quot;, &quot;TD&quot;, &quot;KM&quot;, &quot;GQ&quot;, &quot;SZ&quot;, &quot;GA&quot;, &quot;GN&quot;, &quot;KG&quot;, &quot;MR&quot;, &quot;MN&quot;, &quot;RW&quot;, &quot;TG&quot;, &quot;UZ&quot;, &quot;ZW&quot;, &quot;BJ&quot;, &quot;MG&quot;, &quot;MU&quot;, &quot;MZ&quot;, &quot;AO&quot;, &quot;CI&quot;, &quot;DJ&quot;, &quot;ZM&quot;, &quot;CD&quot;, &quot;CG&quot;, &quot;IQ&quot;, &quot;LY&quot;, &quot;TJ&quot;, &quot;ET&quot;, &quot;XK&quot; ],
      &quot;disc_number&quot; : 1,
      &quot;duration_ms&quot; : 245920,
      &quot;explicit&quot; : false,
      &quot;external_urls&quot; : {
        &quot;spotify&quot; : &quot;https://open.spotify.com/track/2JA6A6Y5f4m7PawM58U2Op&quot;
      },
      &quot;href&quot; : &quot;https://api.spotify.com/v1/tracks/2JA6A6Y5f4m7PawM58U2Op&quot;,
      &quot;id&quot; : &quot;2JA6A6Y5f4m7PawM58U2Op&quot;,
      &quot;is_local&quot; : false,
      &quot;name&quot; : &quot;Get It Started (feat. Shakira)&quot;,
      &quot;preview_url&quot; : &quot;https://p.scdn.co/mp3-preview/10d8f934cf49a0a44610d2f66c4ef99c1c9c3c97?cid=9df180f1f6874f8d8f760ba637997c97&quot;,
      &quot;track_number&quot; : 15,
      &quot;type&quot; : &quot;track&quot;,
      &quot;uri&quot; : &quot;spotify:track:2JA6A6Y5f4m7PawM58U2Op&quot;
    }, {
      &quot;artists&quot; : [ {
        &quot;external_urls&quot; : {
          &quot;spotify&quot; : &quot;https://open.spotify.com/artist/0TnOYISbd1XYRBk9myaseg&quot;
        },
        &quot;href&quot; : &quot;https://api.spotify.com/v1/artists/0TnOYISbd1XYRBk9myaseg&quot;,
        &quot;id&quot; : &quot;0TnOYISbd1XYRBk9myaseg&quot;,
        &quot;name&quot; : &quot;Pitbull&quot;,
        &quot;type&quot; : &quot;artist&quot;,
        &quot;uri&quot; : &quot;spotify:artist:0TnOYISbd1XYRBk9myaseg&quot;
      }, {
        &quot;external_urls&quot; : {
          &quot;spotify&quot; : &quot;https://open.spotify.com/artist/3BnF35ARlp8mMeyXTjUZsr&quot;
        },
        &quot;href&quot; : &quot;https://api.spotify.com/v1/artists/3BnF35ARlp8mMeyXTjUZsr&quot;,
        &quot;id&quot; : &quot;3BnF35ARlp8mMeyXTjUZsr&quot;,
        &quot;name&quot; : &quot;Vein&quot;,
        &quot;type&quot; : &quot;artist&quot;,
        &quot;uri&quot; : &quot;spotify:artist:3BnF35ARlp8mMeyXTjUZsr&quot;
      } ],
      &quot;available_markets&quot; : [ &quot;AT&quot;, &quot;BE&quot;, &quot;BG&quot;, &quot;CY&quot;, &quot;CZ&quot;, &quot;DE&quot;, &quot;EE&quot;, &quot;FI&quot;, &quot;FR&quot;, &quot;GR&quot;, &quot;HU&quot;, &quot;IE&quot;, &quot;IT&quot;, &quot;LV&quot;, &quot;LT&quot;, &quot;LU&quot;, &quot;MT&quot;, &quot;MX&quot;, &quot;NL&quot;, &quot;NO&quot;, &quot;PL&quot;, &quot;PT&quot;, &quot;SK&quot;, &quot;ES&quot;, &quot;SE&quot;, &quot;CH&quot;, &quot;TR&quot;, &quot;GB&quot;, &quot;AD&quot;, &quot;LI&quot;, &quot;MC&quot;, &quot;RO&quot;, &quot;IL&quot;, &quot;ZA&quot;, &quot;SA&quot;, &quot;AE&quot;, &quot;BH&quot;, &quot;QA&quot;, &quot;OM&quot;, &quot;KW&quot;, &quot;EG&quot;, &quot;MA&quot;, &quot;DZ&quot;, &quot;TN&quot;, &quot;LB&quot;, &quot;JO&quot;, &quot;PS&quot;, &quot;BY&quot;, &quot;KZ&quot;, &quot;MD&quot;, &quot;UA&quot;, &quot;AL&quot;, &quot;BA&quot;, &quot;HR&quot;, &quot;ME&quot;, &quot;MK&quot;, &quot;RS&quot;, &quot;SI&quot;, &quot;GH&quot;, &quot;KE&quot;, &quot;NG&quot;, &quot;TZ&quot;, &quot;UG&quot;, &quot;AM&quot;, &quot;BW&quot;, &quot;BF&quot;, &quot;CV&quot;, &quot;CW&quot;, &quot;GM&quot;, &quot;GE&quot;, &quot;GW&quot;, &quot;LS&quot;, &quot;LR&quot;, &quot;MW&quot;, &quot;ML&quot;, &quot;NA&quot;, &quot;NE&quot;, &quot;SM&quot;, &quot;ST&quot;, &quot;SN&quot;, &quot;SC&quot;, &quot;SL&quot;, &quot;AZ&quot;, &quot;BI&quot;, &quot;CM&quot;, &quot;TD&quot;, &quot;KM&quot;, &quot;GQ&quot;, &quot;SZ&quot;, &quot;GA&quot;, &quot;GN&quot;, &quot;KG&quot;, &quot;MR&quot;, &quot;MN&quot;, &quot;RW&quot;, &quot;TG&quot;, &quot;UZ&quot;, &quot;ZW&quot;, &quot;BJ&quot;, &quot;MG&quot;, &quot;MU&quot;, &quot;MZ&quot;, &quot;AO&quot;, &quot;CI&quot;, &quot;DJ&quot;, &quot;ZM&quot;, &quot;CD&quot;, &quot;CG&quot;, &quot;IQ&quot;, &quot;LY&quot;, &quot;TJ&quot;, &quot;ET&quot;, &quot;XK&quot; ],
      &quot;disc_number&quot; : 1,
      &quot;duration_ms&quot; : 217680,
      &quot;explicit&quot; : true,
      &quot;external_urls&quot; : {
        &quot;spotify&quot; : &quot;https://open.spotify.com/track/726qZxwhP0jVyIA0ujnnhb&quot;
      },
      &quot;href&quot; : &quot;https://api.spotify.com/v1/tracks/726qZxwhP0jVyIA0ujnnhb&quot;,
      &quot;id&quot; : &quot;726qZxwhP0jVyIA0ujnnhb&quot;,
      &quot;is_local&quot; : false,
      &quot;name&quot; : &quot;11:59 (feat. Vein)&quot;,
      &quot;preview_url&quot; : null,
      &quot;track_number&quot; : 16,
      &quot;type&quot; : &quot;track&quot;,
      &quot;uri&quot; : &quot;spotify:track:726qZxwhP0jVyIA0ujnnhb&quot;
    }, {
      &quot;artists&quot; : [ {
        &quot;external_urls&quot; : {
          &quot;spotify&quot; : &quot;https://open.spotify.com/artist/0TnOYISbd1XYRBk9myaseg&quot;
        },
        &quot;href&quot; : &quot;https://api.spotify.com/v1/artists/0TnOYISbd1XYRBk9myaseg&quot;,
        &quot;id&quot; : &quot;0TnOYISbd1XYRBk9myaseg&quot;,
        &quot;name&quot; : &quot;Pitbull&quot;,
        &quot;type&quot; : &quot;artist&quot;,
        &quot;uri&quot; : &quot;spotify:artist:0TnOYISbd1XYRBk9myaseg&quot;
      }, {
        &quot;external_urls&quot; : {
          &quot;spotify&quot; : &quot;https://open.spotify.com/artist/4wLXwxDeWQ8mtUIRPxGiD6&quot;
        },
        &quot;href&quot; : &quot;https://api.spotify.com/v1/artists/4wLXwxDeWQ8mtUIRPxGiD6&quot;,
        &quot;id&quot; : &quot;4wLXwxDeWQ8mtUIRPxGiD6&quot;,
        &quot;name&quot; : &quot;Marc Anthony&quot;,
        &quot;type&quot; : &quot;artist&quot;,
        &quot;uri&quot; : &quot;spotify:artist:4wLXwxDeWQ8mtUIRPxGiD6&quot;
      }, {
        &quot;external_urls&quot; : {
          &quot;spotify&quot; : &quot;https://open.spotify.com/artist/4MHssKddnziCghmwBHRiEY&quot;
        },
        &quot;href&quot; : &quot;https://api.spotify.com/v1/artists/4MHssKddnziCghmwBHRiEY&quot;,
        &quot;id&quot; : &quot;4MHssKddnziCghmwBHRiEY&quot;,
        &quot;name&quot; : &quot;Alle&quot;,
        &quot;type&quot; : &quot;artist&quot;,
        &quot;uri&quot; : &quot;spotify:artist:4MHssKddnziCghmwBHRiEY&quot;
      }, {
        &quot;external_urls&quot; : {
          &quot;spotify&quot; : &quot;https://open.spotify.com/artist/4Ws2otunReOa6BbwxxpCt6&quot;
        },
        &quot;href&quot; : &quot;https://api.spotify.com/v1/artists/4Ws2otunReOa6BbwxxpCt6&quot;,
        &quot;id&quot; : &quot;4Ws2otunReOa6BbwxxpCt6&quot;,
        &quot;name&quot; : &quot;Benny Benassi&quot;,
        &quot;type&quot; : &quot;artist&quot;,
        &quot;uri&quot; : &quot;spotify:artist:4Ws2otunReOa6BbwxxpCt6&quot;
      } ],
      &quot;available_markets&quot; : [ &quot;AT&quot;, &quot;BE&quot;, &quot;BG&quot;, &quot;CY&quot;, &quot;CZ&quot;, &quot;DE&quot;, &quot;EE&quot;, &quot;FI&quot;, &quot;FR&quot;, &quot;GR&quot;, &quot;HU&quot;, &quot;IE&quot;, &quot;IT&quot;, &quot;LV&quot;, &quot;LT&quot;, &quot;LU&quot;, &quot;MT&quot;, &quot;MX&quot;, &quot;NL&quot;, &quot;NO&quot;, &quot;PL&quot;, &quot;PT&quot;, &quot;SK&quot;, &quot;ES&quot;, &quot;SE&quot;, &quot;CH&quot;, &quot;TR&quot;, &quot;GB&quot;, &quot;AD&quot;, &quot;LI&quot;, &quot;MC&quot;, &quot;RO&quot;, &quot;IL&quot;, &quot;ZA&quot;, &quot;SA&quot;, &quot;AE&quot;, &quot;BH&quot;, &quot;QA&quot;, &quot;OM&quot;, &quot;KW&quot;, &quot;EG&quot;, &quot;MA&quot;, &quot;DZ&quot;, &quot;TN&quot;, &quot;LB&quot;, &quot;JO&quot;, &quot;PS&quot;, &quot;BY&quot;, &quot;KZ&quot;, &quot;MD&quot;, &quot;UA&quot;, &quot;AL&quot;, &quot;BA&quot;, &quot;HR&quot;, &quot;ME&quot;, &quot;MK&quot;, &quot;RS&quot;, &quot;SI&quot;, &quot;GH&quot;, &quot;KE&quot;, &quot;NG&quot;, &quot;TZ&quot;, &quot;UG&quot;, &quot;AM&quot;, &quot;BW&quot;, &quot;BF&quot;, &quot;CV&quot;, &quot;CW&quot;, &quot;GM&quot;, &quot;GE&quot;, &quot;GW&quot;, &quot;LS&quot;, &quot;LR&quot;, &quot;MW&quot;, &quot;ML&quot;, &quot;NA&quot;, &quot;NE&quot;, &quot;SM&quot;, &quot;ST&quot;, &quot;SN&quot;, &quot;SC&quot;, &quot;SL&quot;, &quot;AZ&quot;, &quot;BI&quot;, &quot;CM&quot;, &quot;TD&quot;, &quot;KM&quot;, &quot;GQ&quot;, &quot;SZ&quot;, &quot;GA&quot;, &quot;GN&quot;, &quot;KG&quot;, &quot;MR&quot;, &quot;MN&quot;, &quot;RW&quot;, &quot;TG&quot;, &quot;UZ&quot;, &quot;ZW&quot;, &quot;BJ&quot;, &quot;MG&quot;, &quot;MU&quot;, &quot;MZ&quot;, &quot;AO&quot;, &quot;CI&quot;, &quot;DJ&quot;, &quot;ZM&quot;, &quot;CD&quot;, &quot;CG&quot;, &quot;IQ&quot;, &quot;LY&quot;, &quot;TJ&quot;, &quot;ET&quot;, &quot;XK&quot; ],
      &quot;disc_number&quot; : 1,
      &quot;duration_ms&quot; : 316480,
      &quot;explicit&quot; : false,
      &quot;external_urls&quot; : {
        &quot;spotify&quot; : &quot;https://open.spotify.com/track/6GPER1Sx8MrBiwWxdulg5Q&quot;
      },
      &quot;href&quot; : &quot;https://api.spotify.com/v1/tracks/6GPER1Sx8MrBiwWxdulg5Q&quot;,
      &quot;id&quot; : &quot;6GPER1Sx8MrBiwWxdulg5Q&quot;,
      &quot;is_local&quot; : false,
      &quot;name&quot; : &quot;Rain Over Me (feat. Marc Anthony) - Benny Benassi Remix&quot;,
      &quot;preview_url&quot; : null,
      &quot;track_number&quot; : 17,
      &quot;type&quot; : &quot;track&quot;,
      &quot;uri&quot; : &quot;spotify:track:6GPER1Sx8MrBiwWxdulg5Q&quot;
    }, {
      &quot;artists&quot; : [ {
        &quot;external_urls&quot; : {
          &quot;spotify&quot; : &quot;https://open.spotify.com/artist/0TnOYISbd1XYRBk9myaseg&quot;
        },
        &quot;href&quot; : &quot;https://api.spotify.com/v1/artists/0TnOYISbd1XYRBk9myaseg&quot;,
        &quot;id&quot; : &quot;0TnOYISbd1XYRBk9myaseg&quot;,
        &quot;name&quot; : &quot;Pitbull&quot;,
        &quot;type&quot; : &quot;artist&quot;,
        &quot;uri&quot; : &quot;spotify:artist:0TnOYISbd1XYRBk9myaseg&quot;
      }, {
        &quot;external_urls&quot; : {
          &quot;spotify&quot; : &quot;https://open.spotify.com/artist/7bXgB6jMjp9ATFy66eO08Z&quot;
        },
        &quot;href&quot; : &quot;https://api.spotify.com/v1/artists/7bXgB6jMjp9ATFy66eO08Z&quot;,
        &quot;id&quot; : &quot;7bXgB6jMjp9ATFy66eO08Z&quot;,
        &quot;name&quot; : &quot;Chris Brown&quot;,
        &quot;type&quot; : &quot;artist&quot;,
        &quot;uri&quot; : &quot;spotify:artist:7bXgB6jMjp9ATFy66eO08Z&quot;
      }, {
        &quot;external_urls&quot; : {
          &quot;spotify&quot; : &quot;https://open.spotify.com/artist/5I7l0lSOyusetwCv1aQPMf&quot;
        },
        &quot;href&quot; : &quot;https://api.spotify.com/v1/artists/5I7l0lSOyusetwCv1aQPMf&quot;,
        &quot;id&quot; : &quot;5I7l0lSOyusetwCv1aQPMf&quot;,
        &quot;name&quot; : &quot;Jump Smokers&quot;,
        &quot;type&quot; : &quot;artist&quot;,
        &quot;uri&quot; : &quot;spotify:artist:5I7l0lSOyusetwCv1aQPMf&quot;
      } ],
      &quot;available_markets&quot; : [ &quot;AT&quot;, &quot;BE&quot;, &quot;BG&quot;, &quot;CY&quot;, &quot;CZ&quot;, &quot;DE&quot;, &quot;EE&quot;, &quot;FI&quot;, &quot;FR&quot;, &quot;GR&quot;, &quot;HU&quot;, &quot;IE&quot;, &quot;IT&quot;, &quot;LV&quot;, &quot;LT&quot;, &quot;LU&quot;, &quot;MT&quot;, &quot;MX&quot;, &quot;NL&quot;, &quot;NO&quot;, &quot;PL&quot;, &quot;PT&quot;, &quot;SK&quot;, &quot;ES&quot;, &quot;SE&quot;, &quot;CH&quot;, &quot;TR&quot;, &quot;GB&quot;, &quot;AD&quot;, &quot;LI&quot;, &quot;MC&quot;, &quot;RO&quot;, &quot;IL&quot;, &quot;ZA&quot;, &quot;SA&quot;, &quot;AE&quot;, &quot;BH&quot;, &quot;QA&quot;, &quot;OM&quot;, &quot;KW&quot;, &quot;EG&quot;, &quot;MA&quot;, &quot;DZ&quot;, &quot;TN&quot;, &quot;LB&quot;, &quot;JO&quot;, &quot;PS&quot;, &quot;BY&quot;, &quot;KZ&quot;, &quot;MD&quot;, &quot;UA&quot;, &quot;AL&quot;, &quot;BA&quot;, &quot;HR&quot;, &quot;ME&quot;, &quot;MK&quot;, &quot;RS&quot;, &quot;SI&quot;, &quot;GH&quot;, &quot;KE&quot;, &quot;NG&quot;, &quot;TZ&quot;, &quot;UG&quot;, &quot;AM&quot;, &quot;BW&quot;, &quot;BF&quot;, &quot;CV&quot;, &quot;CW&quot;, &quot;GM&quot;, &quot;GE&quot;, &quot;GW&quot;, &quot;LS&quot;, &quot;LR&quot;, &quot;MW&quot;, &quot;ML&quot;, &quot;NA&quot;, &quot;NE&quot;, &quot;SM&quot;, &quot;ST&quot;, &quot;SN&quot;, &quot;SC&quot;, &quot;SL&quot;, &quot;AZ&quot;, &quot;BI&quot;, &quot;CM&quot;, &quot;TD&quot;, &quot;KM&quot;, &quot;GQ&quot;, &quot;SZ&quot;, &quot;GA&quot;, &quot;GN&quot;, &quot;KG&quot;, &quot;MR&quot;, &quot;MN&quot;, &quot;RW&quot;, &quot;TG&quot;, &quot;UZ&quot;, &quot;ZW&quot;, &quot;BJ&quot;, &quot;MG&quot;, &quot;MU&quot;, &quot;MZ&quot;, &quot;AO&quot;, &quot;CI&quot;, &quot;DJ&quot;, &quot;ZM&quot;, &quot;CD&quot;, &quot;CG&quot;, &quot;IQ&quot;, &quot;LY&quot;, &quot;TJ&quot;, &quot;ET&quot;, &quot;XK&quot; ],
      &quot;disc_number&quot; : 1,
      &quot;duration_ms&quot; : 309626,
      &quot;explicit&quot; : false,
      &quot;external_urls&quot; : {
        &quot;spotify&quot; : &quot;https://open.spotify.com/track/4TWgcICXXfGty8MHGWJ4Ne&quot;
      },
      &quot;href&quot; : &quot;https://api.spotify.com/v1/tracks/4TWgcICXXfGty8MHGWJ4Ne&quot;,
      &quot;id&quot; : &quot;4TWgcICXXfGty8MHGWJ4Ne&quot;,
      &quot;is_local&quot; : false,
      &quot;name&quot; : &quot;International Love (feat. Chris Brown) - Jump Smokers Extended Mix&quot;,
      &quot;preview_url&quot; : null,
      &quot;track_number&quot; : 18,
      &quot;type&quot; : &quot;track&quot;,
      &quot;uri&quot; : &quot;spotify:track:4TWgcICXXfGty8MHGWJ4Ne&quot;
    } ],
    &quot;limit&quot; : 50,
    &quot;next&quot; : null,
    &quot;offset&quot; : 0,
    &quot;previous&quot; : null,
    &quot;total&quot; : 18
  },
  &quot;type&quot; : &quot;album&quot;,
  &quot;uri&quot; : &quot;spotify:album:4aawyAB9vmqN3uQ7FjRGTy&quot;
}
" type="java.lang.AssertionError">
      <![CDATA[java.lang.AssertionError: 1 expectation failed.
Response body doesn't match expectation.
Expected: The content to match the given JSON schema.
error: object has missing required properties (["restrictions"])
    level: "error"
    schema: {"loadingURI":"#","pointer":""}
    instance: {"pointer":""}
    domain: "validation"
    keyword: "required"
    required: ["album_type","artists","available_markets","copyrights","external_ids","external_urls","genres","href","id","images","label","name","popularity","release_date","release_date_precision","restrictions","total_tracks","tracks","type","uri"]
    missing: ["restrictions"]

  Actual: {
  "album_type" : "album",
  "artists" : [ {
    "external_urls" : {
      "spotify" : "https://open.spotify.com/artist/0TnOYISbd1XYRBk9myaseg"
    },
    "href" : "https://api.spotify.com/v1/artists/0TnOYISbd1XYRBk9myaseg",
    "id" : "0TnOYISbd1XYRBk9myaseg",
    "name" : "Pitbull",
    "type" : "artist",
    "uri" : "spotify:artist:0TnOYISbd1XYRBk9myaseg"
  } ],
  "available_markets" : [ "AT", "BE", "BG", "CY", "CZ", "DE", "EE", "FI", "FR", "GR", "HU", "IE", "IT", "LV", "LT", "LU", "MT", "MX", "NL", "NO", "PL", "PT", "SK", "ES", "SE", "CH", "TR", "GB", "AD", "LI", "MC", "RO", "IL", "ZA", "SA", "AE", "BH", "QA", "OM", "KW", "EG", "MA", "DZ", "TN", "LB", "JO", "PS", "BY", "KZ", "MD", "UA", "AL", "BA", "HR", "ME", "MK", "RS", "SI", "GH", "KE", "NG", "TZ", "UG", "AM", "BW", "BF", "CV", "CW", "GM", "GE", "GW", "LS", "LR", "MW", "ML", "NA", "NE", "SM", "ST", "SN", "SC", "SL", "AZ", "BI", "CM", "TD", "KM", "GQ", "SZ", "GA", "GN", "KG", "MR", "MN", "RW", "TG", "UZ", "ZW", "BJ", "MG", "MU", "MZ", "AO", "CI", "DJ", "ZM", "CD", "CG", "IQ", "LY", "TJ", "ET", "XK" ],
  "copyrights" : [ {
    "text" : "(P) 2012 RCA Records, a division of Sony Music Entertainment",
    "type" : "P"
  } ],
  "external_ids" : {
    "upc" : "886443671584"
  },
  "external_urls" : {
    "spotify" : "https://open.spotify.com/album/4aawyAB9vmqN3uQ7FjRGTy"
  },
  "genres" : [ ],
  "href" : "https://api.spotify.com/v1/albums/4aawyAB9vmqN3uQ7FjRGTy",
  "id" : "4aawyAB9vmqN3uQ7FjRGTy",
  "images" : [ {
    "height" : 640,
    "url" : "https://i.scdn.co/image/ab67616d0000b2732c5b24ecfa39523a75c993c4",
    "width" : 640
  }, {
    "height" : 300,
    "url" : "https://i.scdn.co/image/ab67616d00001e022c5b24ecfa39523a75c993c4",
    "width" : 300
  }, {
    "height" : 64,
    "url" : "https://i.scdn.co/image/ab67616d000048512c5b24ecfa39523a75c993c4",
    "width" : 64
  } ],
  "label" : "Mr.305/Polo Grounds Music/RCA Records",
  "name" : "Global Warming",
  "popularity" : 55,
  "release_date" : "2012-11-16",
  "release_date_precision" : "day",
  "total_tracks" : 18,
  "tracks" : {
    "href" : "https://api.spotify.com/v1/albums/4aawyAB9vmqN3uQ7FjRGTy/tracks?offset=0&limit=50",
    "items" : [ {
      "artists" : [ {
        "external_urls" : {
          "spotify" : "https://open.spotify.com/artist/0TnOYISbd1XYRBk9myaseg"
        },
        "href" : "https://api.spotify.com/v1/artists/0TnOYISbd1XYRBk9myaseg",
        "id" : "0TnOYISbd1XYRBk9myaseg",
        "name" : "Pitbull",
        "type" : "artist",
        "uri" : "spotify:artist:0TnOYISbd1XYRBk9myaseg"
      }, {
        "external_urls" : {
          "spotify" : "https://open.spotify.com/artist/7iJrDbKM5fEkGdm5kpjFzS"
        },
        "href" : "https://api.spotify.com/v1/artists/7iJrDbKM5fEkGdm5kpjFzS",
        "id" : "7iJrDbKM5fEkGdm5kpjFzS",
        "name" : "Sensato",
        "type" : "artist",
        "uri" : "spotify:artist:7iJrDbKM5fEkGdm5kpjFzS"
      } ],
      "available_markets" : [ "AT", "BE", "BG", "CY", "CZ", "DE", "EE", "FI", "FR", "GR", "HU", "IE", "IT", "LV", "LT", "LU", "MT", "MX", "NL", "NO", "PL", "PT", "SK", "ES", "SE", "CH", "TR", "GB", "AD", "LI", "MC", "RO", "IL", "ZA", "SA", "AE", "BH", "QA", "OM", "KW", "EG", "MA", "DZ", "TN", "LB", "JO", "PS", "BY", "KZ", "MD", "UA", "AL", "BA", "HR", "ME", "MK", "RS", "SI", "GH", "KE", "NG", "TZ", "UG", "AM", "BW", "BF", "CV", "CW", "GM", "GE", "GW", "LS", "LR", "MW", "ML", "NA", "NE", "SM", "ST", "SN", "SC", "SL", "AZ", "BI", "CM", "TD", "KM", "GQ", "SZ", "GA", "GN", "KG", "MR", "MN", "RW", "TG", "UZ", "ZW", "BJ", "MG", "MU", "MZ", "AO", "CI", "DJ", "ZM", "CD", "CG", "IQ", "LY", "TJ", "ET", "XK" ],
      "disc_number" : 1,
      "duration_ms" : 85400,
      "explicit" : true,
      "external_urls" : {
        "spotify" : "https://open.spotify.com/track/6OmhkSOpvYBokMKQxpIGx2"
      },
      "href" : "https://api.spotify.com/v1/tracks/6OmhkSOpvYBokMKQxpIGx2",
      "id" : "6OmhkSOpvYBokMKQxpIGx2",
      "is_local" : false,
      "name" : "Global Warming (feat. Sensato)",
      "preview_url" : "https://p.scdn.co/mp3-preview/0ce51df079155a323b91642b9f7a19bdebfc6bc1?cid=9df180f1f6874f8d8f760ba637997c97",
      "track_number" : 1,
      "type" : "track",
      "uri" : "spotify:track:6OmhkSOpvYBokMKQxpIGx2"
    }, {
      "artists" : [ {
        "external_urls" : {
          "spotify" : "https://open.spotify.com/artist/0TnOYISbd1XYRBk9myaseg"
        },
        "href" : "https://api.spotify.com/v1/artists/0TnOYISbd1XYRBk9myaseg",
        "id" : "0TnOYISbd1XYRBk9myaseg",
        "name" : "Pitbull",
        "type" : "artist",
        "uri" : "spotify:artist:0TnOYISbd1XYRBk9myaseg"
      }, {
        "external_urls" : {
          "spotify" : "https://open.spotify.com/artist/2L8yW8GIoirHEdeW4bWQXq"
        },
        "href" : "https://api.spotify.com/v1/artists/2L8yW8GIoirHEdeW4bWQXq",
        "id" : "2L8yW8GIoirHEdeW4bWQXq",
        "name" : "TJR",
        "type" : "artist",
        "uri" : "spotify:artist:2L8yW8GIoirHEdeW4bWQXq"
      } ],
[...]
        "type" : "artist",
        "uri" : "spotify:artist:0TnOYISbd1XYRBk9myaseg"
      } ],
      "available_markets" : [ "AT", "BE", "BG", "CY", "CZ", "DE", "EE", "FI", "FR", "GR", "HU", "IE", "IT", "LV", "LT", "LU", "MT", "MX", "NL", "NO", "PL", "PT", "SK", "ES", "SE", "CH", "TR", "GB", "AD", "LI", "MC", "RO", "IL", "ZA", "SA", "AE", "BH", "QA", "OM", "KW", "EG", "MA", "DZ", "TN", "LB", "JO", "PS", "BY", "KZ", "MD", "UA", "AL", "BA", "HR", "ME", "MK", "RS", "SI", "GH", "KE", "NG", "TZ", "UG", "AM", "BW", "BF", "CV", "CW", "GM", "GE", "GW", "LS", "LR", "MW", "ML", "NA", "NE", "SM", "ST", "SN", "SC", "SL", "AZ", "BI", "CM", "TD", "KM", "GQ", "SZ", "GA", "GN", "KG", "MR", "MN", "RW", "TG", "UZ", "ZW", "BJ", "MG", "MU", "MZ", "AO", "CI", "DJ", "ZM", "CD", "CG", "IQ", "LY", "TJ", "ET", "XK" ],
      "disc_number" : 1,
      "duration_ms" : 197520,
      "explicit" : true,
      "external_urls" : {
        "spotify" : "https://open.spotify.com/track/1jAdXqOSICyXYLaW9ioSur"
      },
      "href" : "https://api.spotify.com/v1/tracks/1jAdXqOSICyXYLaW9ioSur",
      "id" : "1jAdXqOSICyXYLaW9ioSur",
      "is_local" : false,
      "name" : "I'm Off That",
      "preview_url" : "https://p.scdn.co/mp3-preview/076f7573e914fc26ddf3ea536cb80800e54d6edc?cid=9df180f1f6874f8d8f760ba637997c97",
      "track_number" : 12,
      "type" : "track",
      "uri" : "spotify:track:1jAdXqOSICyXYLaW9ioSur"
    }, {
      "artists" : [ {
        "external_urls" : {
          "spotify" : "https://open.spotify.com/artist/0TnOYISbd1XYRBk9myaseg"
        },
        "href" : "https://api.spotify.com/v1/artists/0TnOYISbd1XYRBk9myaseg",
        "id" : "0TnOYISbd1XYRBk9myaseg",
        "name" : "Pitbull",
        "type" : "artist",
        "uri" : "spotify:artist:0TnOYISbd1XYRBk9myaseg"
      }, {
        "external_urls" : {
          "spotify" : "https://open.spotify.com/artist/5F2Bwl7Is7KVwTbNbMclIS"
        },
        "href" : "https://api.spotify.com/v1/artists/5F2Bwl7Is7KVwTbNbMclIS",
        "id" : "5F2Bwl7Is7KVwTbNbMclIS",
        "name" : "Papayo",
        "type" : "artist",
        "uri" : "spotify:artist:5F2Bwl7Is7KVwTbNbMclIS"
      } ],
      "available_markets" : [ "AT", "BE", "BG", "CY", "CZ", "DE", "EE", "FI", "FR", "GR", "HU", "IE", "IT", "LV", "LT", "LU", "MT", "MX", "NL", "NO", "PL", "PT", "SK", "ES", "SE", "CH", "TR", "GB", "AD", "LI", "MC", "RO", "IL", "ZA", "SA", "AE", "BH", "QA", "OM", "KW", "EG", "MA", "DZ", "TN", "LB", "JO", "PS", "BY", "KZ", "MD", "UA", "AL", "BA", "HR", "ME", "MK", "RS", "SI", "GH", "KE", "NG", "TZ", "UG", "AM", "BW", "BF", "CV", "CW", "GM", "GE", "GW", "LS", "LR", "MW", "ML", "NA", "NE", "SM", "ST", "SN", "SC", "SL", "AZ", "BI", "CM", "TD", "KM", "GQ", "SZ", "GA", "GN", "KG", "MR", "MN", "RW", "TG", "UZ", "ZW", "BJ", "MG", "MU", "MZ", "AO", "CI", "DJ", "ZM", "CD", "CG", "IQ", "LY", "TJ", "ET", "XK" ],
      "disc_number" : 1,
      "duration_ms" : 196440,
      "explicit" : false,
      "external_urls" : {
        "spotify" : "https://open.spotify.com/track/0fjRYHFz9ealui1lfnN8it"
      },
      "href" : "https://api.spotify.com/v1/tracks/0fjRYHFz9ealui1lfnN8it",
      "id" : "0fjRYHFz9ealui1lfnN8it",
      "is_local" : false,
      "name" : "Echa Pa'lla (Manos Pa'rriba) (feat. Papayo)",
      "preview_url" : "https://p.scdn.co/mp3-preview/6138a4c643f05b406f0221769ee82cd7724b7d4e?cid=9df180f1f6874f8d8f760ba637997c97",
      "track_number" : 13,
      "type" : "track",
      "uri" : "spotify:track:0fjRYHFz9ealui1lfnN8it"
    }, {
      "artists" : [ {
        "external_urls" : {
          "spotify" : "https://open.spotify.com/artist/0TnOYISbd1XYRBk9myaseg"
        },
        "href" : "https://api.spotify.com/v1/artists/0TnOYISbd1XYRBk9myaseg",
        "id" : "0TnOYISbd1XYRBk9myaseg",
        "name" : "Pitbull",
        "type" : "artist",
        "uri" : "spotify:artist:0TnOYISbd1XYRBk9myaseg"
      }, {
        "external_urls" : {
          "spotify" : "https://open.spotify.com/artist/0z4gvV4rjIZ9wHck67ucSV"
        },
        "href" : "https://api.spotify.com/v1/artists/0z4gvV4rjIZ9wHck67ucSV",
        "id" : "0z4gvV4rjIZ9wHck67ucSV",
        "name" : "Akon",
        "type" : "artist",
        "uri" : "spotify:artist:0z4gvV4rjIZ9wHck67ucSV"
      }, {
        "external_urls" : {
          "spotify" : "https://open.spotify.com/artist/5IqWDVLGThjmkm22e3oBU3"
        },
        "href" : "https://api.spotify.com/v1/artists/5IqWDVLGThjmkm22e3oBU3",
        "id" : "5IqWDVLGThjmkm22e3oBU3",
        "name" : "David Rush",
        "type" : "artist",
        "uri" : "spotify:artist:5IqWDVLGThjmkm22e3oBU3"
      } ],
      "available_markets" : [ "AT", "BE", "BG", "CY", "CZ", "DE", "EE", "FI", "FR", "GR", "HU", "IE", "IT", "LV", "LT", "LU", "MT", "MX", "NL", "NO", "PL", "PT", "SK", "ES", "SE", "CH", "TR", "GB", "AD", "LI", "MC", "RO", "IL", "ZA", "SA", "AE", "BH", "QA", "OM", "KW", "EG", "MA", "DZ", "TN", "LB", "JO", "PS", "BY", "KZ", "MD", "UA", "AL", "BA", "HR", "ME", "MK", "RS", "SI", "GH", "KE", "NG", "TZ", "UG", "AM", "BW", "BF", "CV", "CW", "GM", "GE", "GW", "LS", "LR", "MW", "ML", "NA", "NE", "SM", "ST", "SN", "SC", "SL", "AZ", "BI", "CM", "TD", "KM", "GQ", "SZ", "GA", "GN", "KG", "MR", "MN", "RW", "TG", "UZ", "ZW", "BJ", "MG", "MU", "MZ", "AO", "CI", "DJ", "ZM", "CD", "CG", "IQ", "LY", "TJ", "ET", "XK" ],
      "disc_number" : 1,
      "duration_ms" : 257613,
      "explicit" : true,
      "external_urls" : {
        "spotify" : "https://open.spotify.com/track/7of35ktwTbL906Z1i3mT4K"
      },
      "href" : "https://api.spotify.com/v1/tracks/7of35ktwTbL906Z1i3mT4K",
      "id" : "7of35ktwTbL906Z1i3mT4K",
      "is_local" : false,
      "name" : "Everybody Fucks (feat. Akon & David Rush)",
      "preview_url" : null,
      "track_number" : 14,
      "type" : "track",
      "uri" : "spotify:track:7of35ktwTbL906Z1i3mT4K"
    }, {
      "artists" : [ {
        "external_urls" : {
          "spotify" : "https://open.spotify.com/artist/0TnOYISbd1XYRBk9myaseg"
        },
        "href" : "https://api.spotify.com/v1/artists/0TnOYISbd1XYRBk9myaseg",
        "id" : "0TnOYISbd1XYRBk9myaseg",
        "name" : "Pitbull",
        "type" : "artist",
        "uri" : "spotify:artist:0TnOYISbd1XYRBk9myaseg"
      }, {
        "external_urls" : {
          "spotify" : "https://open.spotify.com/artist/0EmeFodog0BfCgMzAIvKQp"
        },
        "href" : "https://api.spotify.com/v1/artists/0EmeFodog0BfCgMzAIvKQp",
        "id" : "0EmeFodog0BfCgMzAIvKQp",
        "name" : "Shakira",
        "type" : "artist",
        "uri" : "spotify:artist:0EmeFodog0BfCgMzAIvKQp"
      } ],
      "available_markets" : [ "AT", "BE", "BG", "CY", "CZ", "DE", "EE", "FI", "FR", "GR", "HU", "IE", "IT", "LV", "LT", "LU", "MT", "MX", "NL", "NO", "PL", "PT", "SK", "ES", "SE", "CH", "TR", "GB", "AD", "LI", "MC", "RO", "IL", "ZA", "SA", "AE", "BH", "QA", "OM", "KW", "EG", "MA", "DZ", "TN", "LB", "JO", "PS", "BY", "KZ", "MD", "UA", "AL", "BA", "HR", "ME", "MK", "RS", "SI", "GH", "KE", "NG", "TZ", "UG", "AM", "BW", "BF", "CV", "CW", "GM", "GE", "GW", "LS", "LR", "MW", "ML", "NA", "NE", "SM", "ST", "SN", "SC", "SL", "AZ", "BI", "CM", "TD", "KM", "GQ", "SZ", "GA", "GN", "KG", "MR", "MN", "RW", "TG", "UZ", "ZW", "BJ", "MG", "MU", "MZ", "AO", "CI", "DJ", "ZM", "CD", "CG", "IQ", "LY", "TJ", "ET", "XK" ],
      "disc_number" : 1,
      "duration_ms" : 245920,
      "explicit" : false,
      "external_urls" : {
        "spotify" : "https://open.spotify.com/track/2JA6A6Y5f4m7PawM58U2Op"
      },
      "href" : "https://api.spotify.com/v1/tracks/2JA6A6Y5f4m7PawM58U2Op",
      "id" : "2JA6A6Y5f4m7PawM58U2Op",
      "is_local" : false,
      "name" : "Get It Started (feat. Shakira)",
      "preview_url" : "https://p.scdn.co/mp3-preview/10d8f934cf49a0a44610d2f66c4ef99c1c9c3c97?cid=9df180f1f6874f8d8f760ba637997c97",
      "track_number" : 15,
      "type" : "track",
      "uri" : "spotify:track:2JA6A6Y5f4m7PawM58U2Op"
    }, {
      "artists" : [ {
        "external_urls" : {
          "spotify" : "https://open.spotify.com/artist/0TnOYISbd1XYRBk9myaseg"
        },
        "href" : "https://api.spotify.com/v1/artists/0TnOYISbd1XYRBk9myaseg",
        "id" : "0TnOYISbd1XYRBk9myaseg",
        "name" : "Pitbull",
        "type" : "artist",
        "uri" : "spotify:artist:0TnOYISbd1XYRBk9myaseg"
      }, {
        "external_urls" : {
          "spotify" : "https://open.spotify.com/artist/3BnF35ARlp8mMeyXTjUZsr"
        },
        "href" : "https://api.spotify.com/v1/artists/3BnF35ARlp8mMeyXTjUZsr",
        "id" : "3BnF35ARlp8mMeyXTjUZsr",
        "name" : "Vein",
        "type" : "artist",
        "uri" : "spotify:artist:3BnF35ARlp8mMeyXTjUZsr"
      } ],
      "available_markets" : [ "AT", "BE", "BG", "CY", "CZ", "DE", "EE", "FI", "FR", "GR", "HU", "IE", "IT", "LV", "LT", "LU", "MT", "MX", "NL", "NO", "PL", "PT", "SK", "ES", "SE", "CH", "TR", "GB", "AD", "LI", "MC", "RO", "IL", "ZA", "SA", "AE", "BH", "QA", "OM", "KW", "EG", "MA", "DZ", "TN", "LB", "JO", "PS", "BY", "KZ", "MD", "UA", "AL", "BA", "HR", "ME", "MK", "RS", "SI", "GH", "KE", "NG", "TZ", "UG", "AM", "BW", "BF", "CV", "CW", "GM", "GE", "GW", "LS", "LR", "MW", "ML", "NA", "NE", "SM", "ST", "SN", "SC", "SL", "AZ", "BI", "CM", "TD", "KM", "GQ", "SZ", "GA", "GN", "KG", "MR", "MN", "RW", "TG", "UZ", "ZW", "BJ", "MG", "MU", "MZ", "AO", "CI", "DJ", "ZM", "CD", "CG", "IQ", "LY", "TJ", "ET", "XK" ],
      "disc_number" : 1,
      "duration_ms" : 217680,
      "explicit" : true,
      "external_urls" : {
        "spotify" : "https://open.spotify.com/track/726qZxwhP0jVyIA0ujnnhb"
      },
      "href" : "https://api.spotify.com/v1/tracks/726qZxwhP0jVyIA0ujnnhb",
      "id" : "726qZxwhP0jVyIA0ujnnhb",
      "is_local" : false,
      "name" : "11:59 (feat. Vein)",
      "preview_url" : null,
      "track_number" : 16,
      "type" : "track",
      "uri" : "spotify:track:726qZxwhP0jVyIA0ujnnhb"
    }, {
      "artists" : [ {
        "external_urls" : {
          "spotify" : "https://open.spotify.com/artist/0TnOYISbd1XYRBk9myaseg"
        },
        "href" : "https://api.spotify.com/v1/artists/0TnOYISbd1XYRBk9myaseg",
        "id" : "0TnOYISbd1XYRBk9myaseg",
        "name" : "Pitbull",
        "type" : "artist",
        "uri" : "spotify:artist:0TnOYISbd1XYRBk9myaseg"
      }, {
        "external_urls" : {
          "spotify" : "https://open.spotify.com/artist/4wLXwxDeWQ8mtUIRPxGiD6"
        },
        "href" : "https://api.spotify.com/v1/artists/4wLXwxDeWQ8mtUIRPxGiD6",
        "id" : "4wLXwxDeWQ8mtUIRPxGiD6",
        "name" : "Marc Anthony",
        "type" : "artist",
        "uri" : "spotify:artist:4wLXwxDeWQ8mtUIRPxGiD6"
      }, {
        "external_urls" : {
          "spotify" : "https://open.spotify.com/artist/4MHssKddnziCghmwBHRiEY"
        },
        "href" : "https://api.spotify.com/v1/artists/4MHssKddnziCghmwBHRiEY",
        "id" : "4MHssKddnziCghmwBHRiEY",
        "name" : "Alle",
        "type" : "artist",
        "uri" : "spotify:artist:4MHssKddnziCghmwBHRiEY"
      }, {
        "external_urls" : {
          "spotify" : "https://open.spotify.com/artist/4Ws2otunReOa6BbwxxpCt6"
        },
        "href" : "https://api.spotify.com/v1/artists/4Ws2otunReOa6BbwxxpCt6",
        "id" : "4Ws2otunReOa6BbwxxpCt6",
        "name" : "Benny Benassi",
        "type" : "artist",
        "uri" : "spotify:artist:4Ws2otunReOa6BbwxxpCt6"
      } ],
      "available_markets" : [ "AT", "BE", "BG", "CY", "CZ", "DE", "EE", "FI", "FR", "GR", "HU", "IE", "IT", "LV", "LT", "LU", "MT", "MX", "NL", "NO", "PL", "PT", "SK", "ES", "SE", "CH", "TR", "GB", "AD", "LI", "MC", "RO", "IL", "ZA", "SA", "AE", "BH", "QA", "OM", "KW", "EG", "MA", "DZ", "TN", "LB", "JO", "PS", "BY", "KZ", "MD", "UA", "AL", "BA", "HR", "ME", "MK", "RS", "SI", "GH", "KE", "NG", "TZ", "UG", "AM", "BW", "BF", "CV", "CW", "GM", "GE", "GW", "LS", "LR", "MW", "ML", "NA", "NE", "SM", "ST", "SN", "SC", "SL", "AZ", "BI", "CM", "TD", "KM", "GQ", "SZ", "GA", "GN", "KG", "MR", "MN", "RW", "TG", "UZ", "ZW", "BJ", "MG", "MU", "MZ", "AO", "CI", "DJ", "ZM", "CD", "CG", "IQ", "LY", "TJ", "ET", "XK" ],
      "disc_number" : 1,
      "duration_ms" : 316480,
      "explicit" : false,
      "external_urls" : {
        "spotify" : "https://open.spotify.com/track/6GPER1Sx8MrBiwWxdulg5Q"
      },
      "href" : "https://api.spotify.com/v1/tracks/6GPER1Sx8MrBiwWxdulg5Q",
      "id" : "6GPER1Sx8MrBiwWxdulg5Q",
      "is_local" : false,
      "name" : "Rain Over Me (feat. Marc Anthony) - Benny Benassi Remix",
      "preview_url" : null,
      "track_number" : 17,
      "type" : "track",
      "uri" : "spotify:track:6GPER1Sx8MrBiwWxdulg5Q"
    }, {
      "artists" : [ {
        "external_urls" : {
          "spotify" : "https://open.spotify.com/artist/0TnOYISbd1XYRBk9myaseg"
        },
        "href" : "https://api.spotify.com/v1/artists/0TnOYISbd1XYRBk9myaseg",
        "id" : "0TnOYISbd1XYRBk9myaseg",
        "name" : "Pitbull",
        "type" : "artist",
        "uri" : "spotify:artist:0TnOYISbd1XYRBk9myaseg"
      }, {
        "external_urls" : {
          "spotify" : "https://open.spotify.com/artist/7bXgB6jMjp9ATFy66eO08Z"
        },
        "href" : "https://api.spotify.com/v1/artists/7bXgB6jMjp9ATFy66eO08Z",
        "id" : "7bXgB6jMjp9ATFy66eO08Z",
        "name" : "Chris Brown",
        "type" : "artist",
        "uri" : "spotify:artist:7bXgB6jMjp9ATFy66eO08Z"
      }, {
        "external_urls" : {
          "spotify" : "https://open.spotify.com/artist/5I7l0lSOyusetwCv1aQPMf"
        },
        "href" : "https://api.spotify.com/v1/artists/5I7l0lSOyusetwCv1aQPMf",
        "id" : "5I7l0lSOyusetwCv1aQPMf",
        "name" : "Jump Smokers",
        "type" : "artist",
        "uri" : "spotify:artist:5I7l0lSOyusetwCv1aQPMf"
      } ],
      "available_markets" : [ "AT", "BE", "BG", "CY", "CZ", "DE", "EE", "FI", "FR", "GR", "HU", "IE", "IT", "LV", "LT", "LU", "MT", "MX", "NL", "NO", "PL", "PT", "SK", "ES", "SE", "CH", "TR", "GB", "AD", "LI", "MC", "RO", "IL", "ZA", "SA", "AE", "BH", "QA", "OM", "KW", "EG", "MA", "DZ", "TN", "LB", "JO", "PS", "BY", "KZ", "MD", "UA", "AL", "BA", "HR", "ME", "MK", "RS", "SI", "GH", "KE", "NG", "TZ", "UG", "AM", "BW", "BF", "CV", "CW", "GM", "GE", "GW", "LS", "LR", "MW", "ML", "NA", "NE", "SM", "ST", "SN", "SC", "SL", "AZ", "BI", "CM", "TD", "KM", "GQ", "SZ", "GA", "GN", "KG", "MR", "MN", "RW", "TG", "UZ", "ZW", "BJ", "MG", "MU", "MZ", "AO", "CI", "DJ", "ZM", "CD", "CG", "IQ", "LY", "TJ", "ET", "XK" ],
      "disc_number" : 1,
      "duration_ms" : 309626,
      "explicit" : false,
      "external_urls" : {
        "spotify" : "https://open.spotify.com/track/4TWgcICXXfGty8MHGWJ4Ne"
      },
      "href" : "https://api.spotify.com/v1/tracks/4TWgcICXXfGty8MHGWJ4Ne",
      "id" : "4TWgcICXXfGty8MHGWJ4Ne",
      "is_local" : false,
      "name" : "International Love (feat. Chris Brown) - Jump Smokers Extended Mix",
      "preview_url" : null,
      "track_number" : 18,
      "type" : "track",
      "uri" : "spotify:track:4TWgcICXXfGty8MHGWJ4Ne"
    } ],
    "limit" : 50,
    "next" : null,
    "offset" : 0,
    "previous" : null,
    "total" : 18
  },
  "type" : "album",
  "uri" : "spotify:album:4aawyAB9vmqN3uQ7FjRGTy"
}

at java.base/jdk.internal.reflect.NativeConstructorAccessorImpl.newInstance0(Native Method)
at java.base/jdk.internal.reflect.NativeConstructorAccessorImpl.newInstance(NativeConstructorAccessorImpl.java:62)
at java.base/jdk.internal.reflect.DelegatingConstructorAccessorImpl.newInstance(DelegatingConstructorAccessorImpl.java:45)
at java.base/java.lang.reflect.Constructor.newInstance(Constructor.java:490)
at org.codehaus.groovy.reflection.CachedConstructor.invoke(CachedConstructor.java:73)
at org.codehaus.groovy.reflection.CachedConstructor.doConstructorInvoke(CachedConstructor.java:60)
at org.codehaus.groovy.runtime.callsite.ConstructorSite$ConstructorSiteNoUnwrap.callConstructor(ConstructorSite.java:86)
at org.codehaus.groovy.runtime.callsite.CallSiteArray.defaultCallConstructor(CallSiteArray.java:57)
at org.codehaus.groovy.runtime.callsite.AbstractCallSite.callConstructor(AbstractCallSite.java:263)
at org.codehaus.groovy.runtime.callsite.AbstractCallSite.callConstructor(AbstractCallSite.java:277)
at io.restassured.internal.ResponseSpecificationImpl$HamcrestAssertionClosure.validate(ResponseSpecificationImpl.groovy:512)
at io.restassured.internal.ResponseSpecificationImpl$HamcrestAssertionClosure$validate$1.call(Unknown Source)
at io.restassured.internal.ResponseSpecificationImpl.validateResponseIfRequired(ResponseSpecificationImpl.groovy:696)
at io.restassured.internal.ResponseSpecificationImpl.this$2$validateResponseIfRequired(ResponseSpecificationImpl.groovy)
at java.base/jdk.internal.reflect.NativeMethodAccessorImpl.invoke0(Native Method)
at java.base/jdk.internal.reflect.NativeMethodAccessorImpl.invoke(NativeMethodAccessorImpl.java:62)
at java.base/jdk.internal.reflect.DelegatingMethodAccessorImpl.invoke(DelegatingMethodAccessorImpl.java:43)
at java.base/java.lang.reflect.Method.invoke(Method.java:566)
at org.codehaus.groovy.runtime.callsite.PlainObjectMetaMethodSite.doInvoke(PlainObjectMetaMethodSite.java:43)
at org.codehaus.groovy.runtime.callsite.PogoMetaMethodSite$PogoCachedMethodSiteNoUnwrapNoCoerce.invoke(PogoMetaMethodSite.java:198)
at org.codehaus.groovy.runtime.callsite.PogoMetaMethodSite.callCurrent(PogoMetaMethodSite.java:62)
at org.codehaus.groovy.runtime.callsite.CallSiteArray.defaultCallCurrent(CallSiteArray.java:49)
at org.codehaus.groovy.runtime.callsite.AbstractCallSite.callCurrent(AbstractCallSite.java:171)
at org.codehaus.groovy.runtime.callsite.AbstractCallSite.callCurrent(AbstractCallSite.java:185)
at io.restassured.internal.ResponseSpecificationImpl.body(ResponseSpecificationImpl.groovy:107)
at io.restassured.internal.ValidatableResponseOptionsImpl.body(ValidatableResponseOptionsImpl.java:238)
at restfulBooker.SpotifyAPITesting.testSpotifyAPI(SpotifyAPITesting.java:60)
at java.base/jdk.internal.reflect.NativeMethodAccessorImpl.invoke0(Native Method)
at java.base/jdk.internal.reflect.NativeMethodAccessorImpl.invoke(NativeMethodAccessorImpl.java:62)
at java.base/jdk.internal.reflect.DelegatingMethodAccessorImpl.invoke(DelegatingMethodAccessorImpl.java:43)
at java.base/java.lang.reflect.Method.invoke(Method.java:566)
at org.testng.internal.invokers.MethodInvocationHelper.invokeMethod(MethodInvocationHelper.java:139)
at org.testng.internal.invokers.TestInvoker.invokeMethod(TestInvoker.java:664)
at org.testng.internal.invokers.TestInvoker.invokeTestMethod(TestInvoker.java:228)
at org.testng.internal.invokers.MethodRunner.runInSequence(MethodRunner.java:63)
at org.testng.internal.invokers.TestInvoker$MethodInvocationAgent.invoke(TestInvoker.java:961)
at org.testng.internal.invokers.TestInvoker.invokeTestMethods(TestInvoker.java:201)
at org.testng.internal.invokers.TestMethodWorker.invokeTestMethods(TestMethodWorker.java:148)
at org.testng.internal.invokers.TestMethodWorker.run(TestMethodWorker.java:128)
at java.base/java.util.ArrayList.forEach(ArrayList.java:1541)
at org.testng.TestRunner.privateRun(TestRunner.java:819)
at org.testng.TestRunner.run(TestRunner.java:619)
at org.testng.SuiteRunner.runTest(SuiteRunner.java:443)
at org.testng.SuiteRunner.runSequentially(SuiteRunner.java:437)
at org.testng.SuiteRunner.privateRun(SuiteRunner.java:397)
at org.testng.SuiteRunner.run(SuiteRunner.java:336)
at org.testng.SuiteRunnerWorker.runSuite(SuiteRunnerWorker.java:52)
at org.testng.SuiteRunnerWorker.run(SuiteRunnerWorker.java:95)
at org.testng.TestNG.runSuitesSequentially(TestNG.java:1301)
at org.testng.TestNG.runSuitesLocally(TestNG.java:1228)
at org.testng.TestNG.runSuites(TestNG.java:1134)
at org.testng.TestNG.run(TestNG.java:1101)
at org.testng.remote.AbstractRemoteTestNG.run(AbstractRemoteTestNG.java:115)
at org.testng.remote.RemoteTestNG.initAndRun(RemoteTestNG.java:293)
at org.testng.remote.RemoteTestNG.main(RemoteTestNG.java:91)
]]>
    </failure>
  </testcase> <!-- testSpotifyAPI -->
</testsuite> <!-- restfulBooker.SpotifyAPITesting -->
