<?xml version="1.0" encoding="UTF-8"?>
<testng-results ignored="0" total="1" passed="1" failed="0" skipped="0">
  <reporter-output>
  </reporter-output>
  <suite started-at="2024-07-23T21:05:45 EDT" name="Default suite" finished-at="2024-07-23T21:05:56 EDT" duration-ms="10454">
    <groups>
    </groups>
    <test started-at="2024-07-23T21:05:45 EDT" name="Default test" finished-at="2024-07-23T21:05:56 EDT" duration-ms="10454">
      <class name="com.naveenautomationpractice.PageTests.AddressBookPageTest">
        <test-method is-config="true" signature="openBrowser()[pri:0, instance:com.naveenautomationpractice.PageTests.AddressBookPageTest@2e8c1c9b]" started-at="2024-07-23T21:05:45 EDT" name="openBrowser" finished-at="2024-07-23T21:05:51 EDT" duration-ms="5420" status="PASS">
          <reporter-output>
          </reporter-output>
        </test-method> <!-- openBrowser -->
        <test-method signature="LoginWithValidCredentialsAndAddAddress()[pri:0, instance:com.naveenautomationpractice.PageTests.AddressBookPageTest@2e8c1c9b]" started-at="2024-07-23T21:05:51 EDT" name="LoginWithValidCredentialsAndAddAddress" finished-at="2024-07-23T21:05:55 EDT" duration-ms="4696" status="PASS">
          <reporter-output>
          </reporter-output>
        </test-method> <!-- LoginWithValidCredentialsAndAddAddress -->
        <test-method is-config="true" signature="closeBrowser()[pri:0, instance:com.naveenautomationpractice.PageTests.AddressBookPageTest@2e8c1c9b]" started-at="2024-07-23T21:05:55 EDT" name="closeBrowser" finished-at="2024-07-23T21:05:56 EDT" duration-ms="289" status="PASS">
          <reporter-output>
          </reporter-output>
        </test-method> <!-- closeBrowser -->
      </class> <!-- com.naveenautomationpractice.PageTests.AddressBookPageTest -->
    </test> <!-- Default test -->
  </suite> <!-- Default suite -->
</testng-results>
