<?xml version="1.0" encoding="UTF-8"?>
<testng-results ignored="0" total="1" passed="1" failed="0" skipped="0">
  <reporter-output>
  </reporter-output>
  <suite started-at="2024-07-30T14:26:41 EDT" name="Suite" finished-at="2024-07-30T14:27:01 EDT" duration-ms="19995">
    <groups>
    </groups>
    <test started-at="2024-07-30T14:26:41 EDT" name="CrossBrowserTest" finished-at="2024-07-30T14:27:01 EDT" duration-ms="19995">
      <class name="sauceLabTest.SauceLabNaveenAutomation">
        <test-method is-config="true" signature="setup(java.lang.String,java.lang.String,java.lang.String)[pri:0, instance:sauceLabTest.SauceLabNaveenAutomation@b9b00e0]" started-at="2024-07-30T14:26:41 EDT" name="setup" finished-at="2024-07-30T14:26:52 EDT" duration-ms="11121" status="PASS">
          <params>
            <param index="0">
              <value>
                <![CDATA[edge]]>
              </value>
            </param>
            <param index="1">
              <value>
                <![CDATA[Windows 11]]>
              </value>
            </param>
            <param index="2">
              <value>
                <![CDATA[latest]]>
              </value>
            </param>
          </params>
          <reporter-output>
          </reporter-output>
        </test-method> <!-- setup -->
        <test-method signature="validateLogin()[pri:0, instance:sauceLabTest.SauceLabNaveenAutomation@b9b00e0]" started-at="2024-07-30T14:26:52 EDT" name="validateLogin" finished-at="2024-07-30T14:27:01 EDT" duration-ms="8468" status="PASS">
          <reporter-output>
          </reporter-output>
        </test-method> <!-- validateLogin -->
        <test-method is-config="true" signature="closeBrowser()[pri:0, instance:sauceLabTest.SauceLabNaveenAutomation@b9b00e0]" started-at="2024-07-30T14:27:01 EDT" name="closeBrowser" finished-at="2024-07-30T14:27:01 EDT" duration-ms="358" status="PASS">
          <reporter-output>
          </reporter-output>
        </test-method> <!-- closeBrowser -->
      </class> <!-- sauceLabTest.SauceLabNaveenAutomation -->
    </test> <!-- CrossBrowserTest -->
  </suite> <!-- Suite -->
</testng-results>
