<?xml version="1.0" encoding="UTF-8"?>
<!-- Generated by org.testng.reporters.JUnitXMLReporter -->
<testsuite ignored="0" hostname="DESKTOP-4SJACL6" failures="0" tests="4" name="Default test" time="34.973" errors="0" timestamp="2024-10-20T07:23:41 EDT">
  <testcase classname="com.naveenlabsJenkinsJob.PageTests.AddressBookPageTest" name="ValidateAddedAddressBookDelete" time="3.026"/>
  <testcase classname="com.naveenlabsJenkinsJob.PageTests.AddressBookPageTest" name="ValidateAddressBookNewAddress" time="5.178"/>
  <testcase classname="com.naveenlabsJenkinsJob.PageTests.AddressBookPageTest" name="ValidateDefaultAddressBookDelete" time="2.69"/>
  <testcase classname="com.naveenlabsJenkinsJob.PageTests.AddressBookPageTest" name="ValidateEditAddressBookDelete" time="4.217"/>
</testsuite> <!-- Default test -->
